# DriverName = Please insert driver name
# TripInfo = Please insert trip information & comments
# DeviceType = bGeigie
# Format =
# 0 - Device Tag
# 1 - Device Serial ID
# 2 - Date and time UTC, ISO8601, yyyy-MM-ddThh:mm:ssZ
# 3 - CPM
# 4 - Counts Per 5 Seconds
# 5 - TotalCounts
# 6 - CPM Validity Flag, A=available, V=void
# 7 - Latitude (NMEA format)
# 8 - North/South indicator
# 9 - Longitude (NMEA format)
# 10 - East/West indicator
# 11 - Altitude
# 12 - GPS Fix indicator A=available, V=void
# 13 - Horizontal Dillution of Precision (GPS)
# 14 - GPS Fix quality indicator (0=bad, 1=good, 2,3,...=not so good)
$BGRDD,003,2012-07-01T00:41:13Z,17,10,17,V,3747.9425,N,14055.9825,E,29.5,A,1.0,1*47
$BGRDD,003,2012-07-01T00:41:18Z,22,5,22,V,3747.9424,N,14055.9826,E,29.6,A,1.0,1*79
$BGRDD,003,2012-07-01T00:41:23Z,25,3,25,V,3747.9425,N,14055.9825,E,29.6,A,1.0,1*75
$BGRDD,003,2012-07-01T00:41:28Z,31,6,31,V,3747.9425,N,14055.9825,E,29.6,A,1.0,1*7b
$BGRDD,003,2012-07-01T00:41:33Z,43,12,43,V,3747.9425,N,14055.9825,E,29.6,A,1.0,1*44
$BGRDD,003,2012-07-01T00:41:38Z,51,8,51,V,3747.9425,N,14055.9825,E,29.6,A,1.0,1*74
$BGRDD,003,2012-07-01T00:41:43Z,60,9,60,V,3747.9425,N,14055.9825,E,29.6,A,1.0,1*79
$BGRDD,003,2012-07-01T00:41:48Z,70,10,70,V,3747.9425,N,14055.9825,E,29.6,A,1.0,1*4a
$BGRDD,003,2012-07-01T00:41:53Z,74,4,74,V,3747.9425,N,14055.9825,E,29.7,A,1.0,1*74
$BGRDD,003,2012-07-01T00:41:58Z,83,9,83,V,3747.9424,N,14055.9824,E,29.8,A,1.4,1*79
$BGRDD,003,2012-07-01T00:42:03Z,89,6,89,V,3747.9423,N,14055.9824,E,29.9,A,1.4,1*7d
$BGRDD,003,2012-07-01T00:42:08Z,89,7,96,A,3747.9423,N,14055.9823,E,29.9,A,1.4,1*69
$BGRDD,003,2012-07-01T00:42:13Z,88,9,105,A,3747.9423,N,14055.9823,E,29.8,A,1.4,1*56
$BGRDD,003,2012-07-01T00:42:18Z,94,11,116,A,3747.9422,N,14055.9823,E,29.8,A,1.4,1*6a
$BGRDD,003,2012-07-01T00:42:23Z,96,5,121,A,3747.9421,N,14055.9822,E,29.7,A,1.4,1*5c
$BGRDD,003,2012-07-01T00:42:28Z,94,4,125,A,3747.9245,N,14055.9710,E,28.7,A,1.0,1*5f
$BGRDD,003,2012-07-01T00:42:33Z,85,3,128,A,3747.8871,N,14055.9450,E,29.6,A,1.0,1*54
$BGRDD,003,2012-07-01T00:42:38Z,83,6,134,A,3747.8439,N,14055.9170,E,28.6,A,1.4,1*53
$BGRDD,003,2012-07-01T00:42:43Z,77,3,137,A,3747.7986,N,14055.8935,E,30.8,A,1.0,1*5f
$BGRDD,003,2012-07-01T00:42:48Z,77,10,147,A,3747.7624,N,14055.8638,E,35.8,A,1.0,1*61
$BGRDD,003,2012-07-01T00:42:53Z,80,7,154,A,3747.7439,N,14055.8135,E,36.2,A,1.0,1*5a
$BGRDD,003,2012-07-01T00:42:58Z,77,6,160,A,3747.7336,N,14055.7698,E,33.7,A,1.0,1*58
$BGRDD,003,2012-07-01T00:43:03Z,76,5,165,A,3747.7257,N,14055.7437,E,37.7,A,1.0,1*55
$BGRDD,003,2012-07-01T00:43:08Z,72,3,168,A,3747.7187,N,14055.7208,E,39.6,A,1.0,1*5a
$BGRDD,003,2012-07-01T00:43:13Z,70,7,175,A,3747.6999,N,14055.7138,E,46.8,A,1.0,1*5a
$BGRDD,003,2012-07-01T00:43:18Z,67,8,183,A,3747.6690,N,14055.7200,E,42.9,A,1.0,1*5a
$BGRDD,003,2012-07-01T00:43:23Z,67,5,188,A,3747.6441,N,14055.7249,E,51.3,A,1.0,1*5f
$BGRDD,003,2012-07-01T00:43:28Z,71,8,196,A,3747.6313,N,14055.7270,E,60.0,A,1.2,1*58
$BGRDD,003,2012-07-01T00:43:33Z,74,6,202,A,3747.6292,N,14055.7223,E,56.0,A,1.1,1*5f
$BGRDD,003,2012-07-01T00:43:38Z,71,3,205,A,3747.6330,N,14055.7236,E,47.0,A,1.0,1*5f
$BGRDD,003,2012-07-01T00:43:43Z,72,4,209,A,3747.6331,N,14055.7232,E,42.7,A,1.0,1*5c
$BGRDD,003,2012-07-01T00:43:48Z,71,9,218,A,3747.6212,N,14055.7239,E,43.0,A,1.0,1*54
$BGRDD,003,2012-07-01T00:43:53Z,78,14,232,A,3747.5960,N,14055.7281,E,42.9,A,1.0,1*65
$BGRDD,003,2012-07-01T00:43:58Z,80,8,240,A,3747.5701,N,14055.7355,E,37.4,A,1.0,1*5f
$BGRDD,003,2012-07-01T00:44:03Z,83,8,248,A,3747.5599,N,14055.7546,E,38.9,A,0.9,1*50
$BGRDD,003,2012-07-01T00:44:08Z,85,5,253,A,3747.5634,N,14055.7864,E,41.2,A,1.4,1*5a
$BGRDD,003,2012-07-01T00:44:13Z,85,7,260,A,3747.5642,N,14055.8254,E,41.0,A,1.1,1*52
$BGRDD,003,2012-07-01T00:44:18Z,80,3,263,A,3747.5631,N,14055.8669,E,44.8,A,1.0,1*59
$BGRDD,003,2012-07-01T00:44:23Z,79,4,267,A,3747.5610,N,14055.9106,E,49.5,A,1.0,1*58
$BGRDD,003,2012-07-01T00:44:28Z,77,6,273,A,3747.5586,N,14055.9578,E,50.1,A,1.0,1*57
$BGRDD,003,2012-07-01T00:44:33Z,76,5,278,A,3747.5542,N,14056.0043,E,54.6,A,1.5,1*5d
$BGRDD,003,2012-07-01T00:44:38Z,76,3,281,A,3747.5486,N,14056.0521,E,64.9,A,1.8,1*5f
$BGRDD,003,2012-07-01T00:44:43Z,76,4,285,A,3747.5441,N,14056.0984,E,69.8,A,1.8,1*54
$BGRDD,003,2012-07-01T00:44:47Z,69,2,287,A,3747.5406,N,14056.1337,E,70.0,A,1.4,1*56
$BGRDD,003,2012-07-01T00:44:52Z,58,3,290,A,3747.5278,N,14056.1832,E,78.6,A,1.4,1*58
$BGRDD,003,2012-07-01T00:44:57Z,54,4,294,A,3747.5348,N,14056.2077,E,69.9,A,1.4,1*55
$BGRDD,003,2012-07-01T00:45:02Z,48,2,296,A,3747.5342,N,14056.2579,E,67.0,A,1.4,1*5b
$BGRDD,003,2012-07-01T00:45:07Z,52,9,305,A,3747.5318,N,14056.3159,E,68.9,A,1.4,1*5b
$BGRDD,003,2012-07-01T00:45:12Z,51,6,311,A,3747.5274,N,14056.3765,E,75.1,A,1.4,1*50
$BGRDD,003,2012-07-01T00:45:17Z,56,8,319,A,3747.5183,N,14056.4364,E,77.4,A,1.5,1*5b
$BGRDD,003,2012-07-01T00:45:22Z,59,7,326,A,3747.4989,N,14056.4947,E,79.8,A,1.4,1*5a
$BGRDD,003,2012-07-01T00:45:27Z,57,4,330,A,3747.4818,N,14056.5501,E,71.5,A,1.4,1*56
$BGRDD,003,2012-07-01T00:45:32Z,56,4,334,A,3747.4662,N,14056.6046,E,65.8,A,1.4,1*59
$BGRDD,003,2012-07-01T00:45:37Z,56,3,337,A,3747.4478,N,14056.6592,E,66.6,A,1.9,1*5d
$BGRDD,003,2012-07-01T00:45:42Z,54,2,339,A,3747.4320,N,14056.7130,E,58.6,A,1.4,1*55
$BGRDD,003,2012-07-01T00:45:47Z,54,2,341,A,3747.4146,N,14056.7649,E,52.4,A,1.4,1*5c
$BGRDD,003,2012-07-01T00:45:52Z,57,6,347,A,3747.3994,N,14056.8166,E,47.3,A,1.4,1*5f
$BGRDD,003,2012-07-01T00:45:57Z,59,6,353,A,3747.3834,N,14056.8696,E,43.4,A,1.4,1*51
$BGRDD,003,2012-07-01T00:46:02Z,63,6,359,A,3747.3679,N,14056.9206,E,40.1,A,1.4,1*5c
$BGRDD,003,2012-07-01T00:46:07Z,61,7,366,A,3747.3584,N,14056.9510,E,38.8,A,1.4,1*51
$BGRDD,003,2012-07-01T00:46:12Z,60,5,371,A,3747.3691,N,14056.9583,E,40.4,A,1.4,1*5e
$BGRDD,003,2012-07-01T00:46:17Z,59,7,378,A,3747.3994,N,14056.9529,E,39.8,A,1.0,1*56
$BGRDD,003,2012-07-01T00:46:22Z,60,8,386,A,3747.4428,N,14056.9482,E,34.9,A,1.0,1*55
$BGRDD,003,2012-07-01T00:46:27Z,59,3,389,A,3747.4939,N,14056.9439,E,29.5,A,1.0,1*53
$BGRDD,003,2012-07-01T00:46:32Z,62,7,396,A,3747.5454,N,14056.9412,E,30.8,A,0.9,1*56
$BGRDD,003,2012-07-01T00:46:37Z,64,5,401,A,3747.5958,N,14056.9390,E,35.5,A,0.9,1*5a
$BGRDD,003,2012-07-01T00:46:42Z,65,3,404,A,3747.6471,N,14056.9356,E,39.7,A,0.9,1*5b
$BGRDD,003,2012-07-01T00:46:47Z,69,6,410,A,3747.6993,N,14056.9310,E,49.3,A,0.9,1*52
$BGRDD,003,2012-07-01T00:46:52Z,70,7,417,A,3747.7512,N,14056.9298,E,52.4,A,0.9,1*50
$BGRDD,003,2012-07-01T00:46:57Z,68,4,421,A,3747.8008,N,14056.9299,E,63.3,A,0.9,1*5f
$BGRDD,003,2012-07-01T00:47:02Z,70,8,429,A,3747.8505,N,14056.9275,E,80.9,A,0.9,1*5e
$BGRDD,003,2012-07-01T00:47:07Z,68,5,434,A,3747.9006,N,14056.9206,E,104.4,A,1.0,1*68
$BGRDD,003,2012-07-01T00:47:12Z,69,6,440,A,3747.9488,N,14056.9122,E,117.2,A,1.1,1*6f
$BGRDD,003,2012-07-01T00:47:17Z,63,1,441,A,3747.9953,N,14056.9083,E,127.8,A,1.1,1*6e
$BGRDD,003,2012-07-01T00:47:22Z,58,3,444,A,3748.0441,N,14056.9062,E,127.3,A,1.1,1*6b
$BGRDD,003,2012-07-01T00:47:27Z,60,5,449,A,3748.0947,N,14056.9021,E,132.8,A,1.0,1*6c
$BGRDD,003,2012-07-01T00:47:32Z,57,4,453,A,3748.1436,N,14056.8995,E,148.4,A,1.0,1*6a
$BGRDD,003,2012-07-01T00:47:37Z,56,4,457,A,3748.1906,N,14056.8975,E,153.0,A,1.0,1*64
$BGRDD,003,2012-07-01T00:47:42Z,56,3,460,A,3748.2286,N,14056.8928,E,143.1,A,1.0,1*6d
$BGRDD,003,2012-07-01T00:47:47Z,56,6,466,A,3748.2465,N,14056.8870,E,144.0,A,1.0,1*6a
$BGRDD,003,2012-07-01T00:47:52Z,51,2,468,A,3748.2458,N,14056.8759,E,153.0,A,1.0,1*6f
$BGRDD,003,2012-07-01T00:47:57Z,50,3,471,A,3748.2295,N,14056.8861,E,71.7,A,1.0,1*57
$BGRDD,003,2012-07-01T00:48:02Z,49,7,478,A,3748.2221,N,14056.8903,E,51.0,A,1.0,1*52
$BGRDD,003,2012-07-01T00:48:07Z,51,7,485,A,3748.2161,N,14056.8928,E,46.5,A,1.2,1*53
$BGRDD,003,2012-07-01T00:48:12Z,48,3,488,A,3748.2165,N,14056.8932,E,42.5,A,1.2,1*5d
$BGRDD,003,2012-07-01T00:48:17Z,51,4,492,A,3748.2175,N,14056.8933,E,38.1,A,1.2,1*55
$BGRDD,003,2012-07-01T00:48:22Z,49,1,493,A,3748.2182,N,14056.8935,E,35.5,A,1.0,1*5b
$BGRDD,003,2012-07-01T00:48:27Z,46,2,495,A,3748.2188,N,14056.8935,E,33.5,A,1.3,1*5b
$BGRDD,003,2012-07-01T00:48:32Z,43,1,496,A,3748.2191,N,14056.8931,E,32.0,A,1.3,1*52
$BGRDD,003,2012-07-01T00:48:37Z,44,5,501,A,3748.2194,N,14056.8930,E,30.6,A,1.0,1*58
$BGRDD,003,2012-07-01T00:48:42Z,46,5,506,A,3748.2198,N,14056.8927,E,29.3,A,1.0,1*58
$BGRDD,003,2012-07-01T00:48:47Z,49,9,515,A,3748.2204,N,14056.8927,E,27.6,A,1.2,1*53
$BGRDD,003,2012-07-01T00:48:52Z,52,5,520,A,3748.2212,N,14056.8927,E,25.6,A,1.0,1*50
$BGRDD,003,2012-07-01T00:48:57Z,57,8,528,A,3748.2220,N,14056.8926,E,23.4,A,1.0,1*51
$BGRDD,003,2012-07-01T00:49:02Z,57,7,535,A,3748.2227,N,14056.8928,E,21.3,A,1.0,1*5f
$BGRDD,003,2012-07-01T00:49:07Z,53,3,538,A,3748.2231,N,14056.8927,E,19.6,A,1.0,1*51
$BGRDD,003,2012-07-01T00:49:12Z,55,5,543,A,3748.2232,N,14056.8928,E,18.7,A,1.0,1*55
$BGRDD,003,2012-07-01T00:49:17Z,59,8,551,A,3748.2230,N,14056.8925,E,18.3,A,1.0,1*59
$BGRDD,003,2012-07-01T00:49:22Z,60,2,553,A,3748.2228,N,14056.8924,E,18.5,A,1.0,1*53
$BGRDD,003,2012-07-01T00:49:27Z,60,2,555,A,3748.2225,N,14056.8924,E,18.6,A,1.0,1*5e
$BGRDD,003,2012-07-01T00:49:32Z,65,6,561,A,3748.2223,N,14056.8923,E,18.8,A,1.0,1*53
$BGRDD,003,2012-07-01T00:49:37Z,67,7,568,A,3748.2222,N,14056.8923,E,18.8,A,0.9,1*55
$BGRDD,003,2012-07-01T00:49:42Z,66,4,572,A,3748.2223,N,14056.8921,E,18.2,A,1.0,1*5f
$BGRDD,003,2012-07-01T00:49:47Z,61,4,576,A,3748.2253,N,14056.8916,E,18.0,A,0.9,1*50
$BGRDD,003,2012-07-01T00:49:52Z,65,9,585,A,3748.2309,N,14056.8896,E,19.3,A,1.0,1*5c
$BGRDD,003,2012-07-01T00:49:56Z,61,4,589,A,3748.2340,N,14056.8885,E,21.8,A,0.9,1*5a
$BGRDD,003,2012-07-01T00:50:01Z,55,1,590,A,3748.2298,N,14056.8797,E,25.7,A,0.9,1*59
$BGRDD,003,2012-07-01T00:50:06Z,57,5,595,A,3748.2135,N,14056.8522,E,26.4,A,0.9,1*55
$BGRDD,003,2012-07-01T00:50:11Z,59,7,602,A,3748.1841,N,14056.8235,E,31.8,A,0.9,1*50
$BGRDD,003,2012-07-01T00:50:16Z,57,6,608,A,3748.1488,N,14056.7898,E,40.1,A,0.9,1*56
$BGRDD,003,2012-07-01T00:50:21Z,58,3,611,A,3748.1168,N,14056.7456,E,49.8,A,1.1,1*5c
$BGRDD,003,2012-07-01T00:50:26Z,66,10,621,A,3748.0919,N,14056.6916,E,50.8,A,0.9,1*61
$BGRDD,003,2012-07-01T00:50:31Z,61,1,622,A,3748.0668,N,14056.6325,E,52.0,A,1.5,1*57
$BGRDD,003,2012-07-01T00:50:36Z,60,6,628,A,3748.0519,N,14056.5752,E,48.6,A,1.0,1*56
$BGRDD,003,2012-07-01T00:50:41Z,62,6,634,A,3748.0467,N,14056.5102,E,47.6,A,1.0,1*5d
$BGRDD,003,2012-07-01T00:50:46Z,61,3,637,A,3748.0429,N,14056.4477,E,45.1,A,1.1,1*57
$BGRDD,003,2012-07-01T00:50:51Z,54,2,639,A,3748.0394,N,14056.3859,E,40.6,A,0.9,1*55
$BGRDD,003,2012-07-01T00:50:56Z,59,9,648,A,3748.0323,N,14056.3244,E,36.7,A,0.9,1*58
$BGRDD,003,2012-07-01T00:51:01Z,66,8,656,A,3748.0260,N,14056.2620,E,35.9,A,0.9,1*55
$BGRDD,003,2012-07-01T00:51:06Z,64,3,659,A,3748.0206,N,14056.2027,E,35.2,A,1.0,1*56
$BGRDD,003,2012-07-01T00:51:11Z,61,4,663,A,3748.0071,N,14056.1492,E,40.0,A,0.9,1*58
$BGRDD,003,2012-07-01T00:51:16Z,61,6,669,A,3747.9889,N,14056.0991,E,43.5,A,0.9,1*57
$BGRDD,003,2012-07-01T00:51:21Z,60,2,671,A,3747.9674,N,14056.0482,E,49.9,A,1.0,1*52
$BGRDD,003,2012-07-01T00:51:26Z,52,2,673,A,3747.9397,N,14056.0017,E,59.5,A,1.4,1*5f
$BGRDD,003,2012-07-01T00:51:31Z,60,9,682,A,3747.9061,N,14055.9679,E,69.9,A,1.9,1*51
$BGRDD,003,2012-07-01T00:51:36Z,59,5,687,A,3747.8626,N,14055.9454,E,84.5,A,1.4,1*5e
$BGRDD,003,2012-07-01T00:51:41Z,58,5,692,A,3747.8184,N,14055.9216,E,89.1,A,1.4,1*5d
$BGRDD,003,2012-07-01T00:51:46Z,56,1,693,A,3747.7749,N,14055.9054,E,100.6,A,1.5,1*6b
$BGRDD,003,2012-07-01T00:51:51Z,65,11,704,A,3747.7431,N,14055.8788,E,100.4,A,0.9,1*57
$BGRDD,003,2012-07-01T00:51:56Z,65,9,713,A,3747.7224,N,14055.8249,E,111.1,A,0.9,1*60
$BGRDD,003,2012-07-01T00:52:01Z,60,3,716,A,3747.7123,N,14055.7778,E,107.6,A,0.9,1*67
$BGRDD,003,2012-07-01T00:52:06Z,64,7,723,A,3747.7114,N,14055.7532,E,87.8,A,0.9,1*59
$BGRDD,003,2012-07-01T00:52:11Z,63,3,726,A,3747.7155,N,14055.7384,E,65.3,A,0.9,1*50
$BGRDD,003,2012-07-01T00:52:16Z,59,2,728,A,3747.7092,N,14055.7240,E,53.7,A,0.9,1*53
$BGRDD,003,2012-07-01T00:52:21Z,62,5,733,A,3747.6886,N,14055.7224,E,43.3,A,0.9,1*59
$BGRDD,003,2012-07-01T00:52:26Z,65,5,738,A,3747.6591,N,14055.7214,E,36.8,A,0.9,1*53
$BGRDD,003,2012-07-01T00:52:31Z,60,4,742,A,3747.6281,N,14055.7230,E,31.3,A,0.9,1*50
$BGRDD,003,2012-07-01T00:52:36Z,64,9,751,A,3747.6062,N,14055.7263,E,31.7,A,0.9,1*51
$BGRDD,003,2012-07-01T00:52:41Z,67,8,759,A,3747.6032,N,14055.7255,E,28.8,A,0.9,1*5c
$BGRDD,003,2012-07-01T00:52:46Z,71,5,764,A,3747.6029,N,14055.7240,E,30.9,A,0.9,1*59
$BGRDD,003,2012-07-01T00:52:51Z,70,10,774,A,3747.6034,N,14055.7238,E,29.0,A,0.9,1*69
$BGRDD,003,2012-07-01T00:52:56Z,68,7,781,A,3747.5827,N,14055.7294,E,29.4,A,1.0,1*58
$BGRDD,003,2012-07-01T00:53:01Z,69,4,785,A,3747.5527,N,14055.7411,E,25.7,A,0.9,1*5c
$BGRDD,003,2012-07-01T00:53:06Z,68,6,791,A,3747.5255,N,14055.7528,E,24.4,A,0.9,1*56
$BGRDD,003,2012-07-01T00:53:11Z,69,4,795,A,3747.5091,N,14055.7638,E,27.2,A,1.0,1*52
$BGRDD,003,2012-07-01T00:53:16Z,72,5,800,A,3747.5047,N,14055.7733,E,30.5,A,1.0,1*5d
$BGRDD,003,2012-07-01T00:53:21Z,72,5,805,A,3747.5045,N,14055.7725,E,29.2,A,1.0,1*56
$BGRDD,003,2012-07-01T00:53:26Z,70,3,808,A,3747.5049,N,14055.7720,E,26.6,A,1.0,1*5a
$BGRDD,003,2012-07-01T00:53:31Z,71,5,813,A,3747.5053,N,14055.7720,E,24.7,A,1.2,1*5b
$BGRDD,003,2012-07-01T00:53:36Z,66,4,817,A,3747.5059,N,14055.7718,E,23.1,A,1.2,1*5f
$BGRDD,003,2012-07-01T00:53:41Z,63,5,822,A,3747.5063,N,14055.7721,E,20.9,A,1.0,1*57
$BGRDD,003,2012-07-01T00:53:46Z,63,5,827,A,3747.5068,N,14055.7721,E,19.4,A,1.2,1*5b
$BGRDD,003,2012-07-01T00:53:51Z,60,7,834,A,3747.5070,N,14055.7721,E,18.7,A,1.0,1*57
$BGRDD,003,2012-07-01T00:53:56Z,57,4,838,A,3747.5067,N,14055.7722,E,18.6,A,1.0,1*5f
$BGRDD,003,2012-07-01T00:54:01Z,55,2,840,A,3747.5066,N,14055.7721,E,18.3,A,1.1,1*57
$BGRDD,003,2012-07-01T00:54:06Z,54,5,845,A,3747.5065,N,14055.7720,E,18.9,A,1.1,1*5b
$BGRDD,003,2012-07-01T00:54:11Z,53,3,848,A,3747.5066,N,14055.7720,E,18.9,A,0.9,1*5b
$BGRDD,003,2012-07-01T00:54:16Z,56,8,856,A,3747.5068,N,14055.7723,E,18.4,A,1.0,1*55
$BGRDD,003,2012-07-01T00:54:21Z,55,4,860,A,3747.5069,N,14055.7722,E,18.1,A,1.0,1*5e
$BGRDD,003,2012-07-01T00:54:26Z,59,7,867,A,3747.5070,N,14055.7722,E,18.3,A,1.0,1*5b
$BGRDD,003,2012-07-01T00:54:31Z,59,5,872,A,3747.5070,N,14055.7721,E,18.6,A,1.0,1*5d
$BGRDD,003,2012-07-01T00:54:36Z,57,2,874,A,3747.5070,N,14055.7720,E,18.8,A,1.1,1*5b
$BGRDD,003,2012-07-01T00:54:41Z,52,0,874,A,3747.5070,N,14055.7721,E,19.0,A,1.1,1*54
$BGRDD,003,2012-07-01T00:54:46Z,50,3,877,A,3747.5070,N,14055.7722,E,18.6,A,1.2,1*56
$BGRDD,003,2012-07-01T00:54:51Z,48,5,882,A,3747.5068,N,14055.7721,E,18.3,A,1.2,1*5a
$BGRDD,003,2012-07-01T00:54:56Z,52,8,890,A,3747.5068,N,14055.7720,E,18.0,A,1.2,1*5a
$BGRDD,003,2012-07-01T00:55:01Z,57,7,897,A,3747.5067,N,14055.7719,E,18.3,A,1.2,1*52
$BGRDD,003,2012-07-01T00:55:06Z,59,7,904,A,3747.5065,N,14055.7720,E,18.6,A,1.2,1*5d
$BGRDD,003,2012-07-01T00:55:11Z,60,4,908,A,3747.5064,N,14055.7721,E,19.2,A,1.2,1*5b
$BGRDD,003,2012-07-01T00:55:16Z,61,9,917,A,3747.5063,N,14055.7722,E,19.1,A,1.2,1*59
$BGRDD,003,2012-07-01T00:55:21Z,64,7,924,A,3747.5062,N,14055.7723,E,19.2,A,1.2,1*55
$BGRDD,003,2012-07-01T00:55:26Z,57,0,924,A,3747.5062,N,14055.7723,E,18.8,A,1.2,1*5e
$BGRDD,003,2012-07-01T00:55:31Z,56,4,928,A,3747.5062,N,14055.7723,E,18.7,A,1.1,1*5d
$BGRDD,003,2012-07-01T00:55:36Z,59,5,933,A,3747.5062,N,14055.7723,E,18.5,A,1.1,1*5c
$BGRDD,003,2012-07-01T00:55:41Z,60,1,934,A,3747.5062,N,14055.7721,E,18.7,A,1.0,1*54
$BGRDD,003,2012-07-01T00:55:45Z,64,7,941,A,3747.5063,N,14055.7720,E,18.8,A,1.1,1*5e
$BGRDD,003,2012-07-01T00:55:50Z,62,3,944,A,3747.5063,N,14055.7719,E,18.8,A,1.0,1*56
$BGRDD,003,2012-07-01T00:55:55Z,59,5,949,A,3747.5064,N,14055.7719,E,19.0,A,1.0,1*5e
$BGRDD,003,2012-07-01T00:56:00Z,56,4,953,A,3747.5064,N,14055.7718,E,19.3,A,1.0,1*5a
$BGRDD,003,2012-07-01T00:56:05Z,55,6,959,A,3747.5066,N,14055.7718,E,19.1,A,1.0,1*54
$BGRDD,003,2012-07-01T00:56:10Z,58,7,966,A,3747.5067,N,14055.7717,E,18.8,A,1.3,1*55
$BGRDD,003,2012-07-01T00:56:15Z,56,7,973,A,3747.5068,N,14055.7717,E,18.6,A,1.0,1*58
$BGRDD,003,2012-07-01T00:56:20Z,58,9,982,A,3747.5068,N,14055.7717,E,18.3,A,1.1,1*54
$BGRDD,003,2012-07-01T00:56:25Z,60,2,984,A,3747.5067,N,14055.7718,E,18.2,A,1.2,1*55
$BGRDD,003,2012-07-01T00:56:30Z,63,7,991,A,3747.5067,N,14055.7719,E,18.1,A,1.1,1*52
$BGRDD,003,2012-07-01T00:56:35Z,63,5,996,A,3747.5067,N,14055.7720,E,18.1,A,1.2,1*5b
$BGRDD,003,2012-07-01T00:56:40Z,66,4,1000,A,3747.5066,N,14055.7719,E,18.4,A,1.0,1*66
$BGRDD,003,2012-07-01T00:56:45Z,63,4,1004,A,3747.5065,N,14055.7720,E,18.4,A,1.0,1*6b
$BGRDD,003,2012-07-01T00:56:50Z,61,1,1005,A,3747.5064,N,14055.7719,E,18.5,A,1.0,1*63
$BGRDD,003,2012-07-01T00:56:55Z,63,7,1012,A,3747.5064,N,14055.7719,E,18.4,A,1.0,1*65
$BGRDD,003,2012-07-01T00:57:00Z,64,5,1017,A,3747.5065,N,14055.7718,E,18.2,A,1.0,1*62
$BGRDD,003,2012-07-01T00:57:05Z,62,4,1021,A,3747.5065,N,14055.7717,E,17.9,A,1.0,1*6e
$BGRDD,003,2012-07-01T00:57:10Z,59,4,1025,A,3747.5066,N,14055.7717,E,17.7,A,1.0,1*6b
$BGRDD,003,2012-07-01T00:57:15Z,57,5,1030,A,3747.5069,N,14055.7680,E,18.1,A,1.0,1*6c
$BGRDD,003,2012-07-01T00:57:20Z,51,3,1033,A,3747.5027,N,14055.7636,E,18.9,A,1.0,1*66
$BGRDD,003,2012-07-01T00:57:25Z,53,4,1037,A,3747.4860,N,14055.7729,E,18.7,A,1.0,1*69
$BGRDD,003,2012-07-01T00:57:30Z,51,5,1042,A,3747.4618,N,14055.7883,E,16.7,A,1.0,1*6c
$BGRDD,003,2012-07-01T00:57:35Z,52,6,1048,A,3747.4361,N,14055.8066,E,17.1,A,1.0,1*63
$BGRDD,003,2012-07-01T00:57:40Z,52,4,1052,A,3747.4118,N,14055.8245,E,18.2,A,1.0,1*6b
$BGRDD,003,2012-07-01T00:57:45Z,54,6,1058,A,3747.3918,N,14055.8397,E,17.3,A,1.0,1*6f
$BGRDD,003,2012-07-01T00:57:50Z,58,5,1063,A,3747.3855,N,14055.8439,E,19.6,A,1.0,1*6c
$BGRDD,003,2012-07-01T00:57:55Z,56,5,1068,A,3747.3862,N,14055.8443,E,20.0,A,1.0,1*69
$BGRDD,003,2012-07-01T00:58:00Z,57,6,1074,A,3747.3871,N,14055.8438,E,18.4,A,1.0,1*68
$BGRDD,003,2012-07-01T00:58:05Z,56,3,1077,A,3747.3870,N,14055.8438,E,17.0,A,1.0,1*60
$BGRDD,003,2012-07-01T00:58:10Z,56,4,1081,A,3747.3870,N,14055.8438,E,16.5,A,1.0,1*6e
$BGRDD,003,2012-07-01T00:58:15Z,53,2,1083,A,3747.3709,N,14055.8544,E,15.9,A,1.0,1*6e
$BGRDD,003,2012-07-01T00:58:20Z,54,4,1087,A,3747.3449,N,14055.8730,E,16.8,A,1.0,1*69
$BGRDD,003,2012-07-01T00:58:25Z,55,5,1092,A,3747.3142,N,14055.8948,E,15.3,A,1.0,1*6f
$BGRDD,003,2012-07-01T00:58:30Z,53,3,1095,A,3747.2815,N,14055.9188,E,16.4,A,1.0,1*67
$BGRDD,003,2012-07-01T00:58:35Z,52,5,1100,A,3747.2444,N,14055.9445,E,17.1,A,1.0,1*60
$BGRDD,003,2012-07-01T00:58:40Z,55,7,1107,A,3747.2068,N,14055.9698,E,18.9,A,1.2,1*6d
$BGRDD,003,2012-07-01T00:58:45Z,53,4,1111,A,3747.1714,N,14055.9938,E,21.4,A,1.0,1*65
$BGRDD,003,2012-07-01T00:58:50Z,52,4,1115,A,3747.1369,N,14056.0185,E,26.9,A,1.0,1*64
$BGRDD,003,2012-07-01T00:58:55Z,57,10,1125,A,3747.1039,N,14056.0422,E,29.6,A,1.0,1*5c
$BGRDD,003,2012-07-01T00:59:00Z,61,10,1135,A,3747.0728,N,14056.0648,E,35.8,A,1.0,1*52
$BGRDD,003,2012-07-01T00:59:05Z,68,10,1145,A,3747.0417,N,14056.0884,E,43.6,A,1.0,1*57
$BGRDD,003,2012-07-01T00:59:10Z,72,8,1153,A,3747.0096,N,14056.1142,E,53.5,A,1.0,1*6b
$BGRDD,003,2012-07-01T00:59:15Z,81,11,1164,A,3746.9748,N,14056.1373,E,58.5,A,1.6,1*5f
$BGRDD,003,2012-07-01T00:59:20Z,85,8,1172,A,3746.9372,N,14056.1660,E,69.4,A,1.6,1*6b
$BGRDD,003,2012-07-01T00:59:25Z,88,8,1180,A,3746.9010,N,14056.1910,E,75.2,A,1.5,1*69
$BGRDD,003,2012-07-01T00:59:30Z,93,8,1188,A,3746.8672,N,14056.2122,E,75.0,A,1.5,1*64
$BGRDD,003,2012-07-01T00:59:35Z,95,7,1195,A,3746.8361,N,14056.2269,E,80.8,A,1.0,1*68
$BGRDD,003,2012-07-01T00:59:40Z,96,8,1203,A,3746.8102,N,14056.2360,E,70.3,A,1.1,1*60
$BGRDD,003,2012-07-01T00:59:45Z,103,11,1214,A,3746.7805,N,14056.2524,E,75.3,A,1.3,1*66
$BGRDD,003,2012-07-01T00:59:50Z,105,6,1220,A,3746.7504,N,14056.2731,E,80.2,A,1.3,1*54
$BGRDD,003,2012-07-01T00:59:55Z,100,5,1225,A,3746.7245,N,14056.2927,E,80.6,A,1.3,1*5d
$BGRDD,003,2012-07-01T01:00:00Z,94,4,1229,A,3746.7004,N,14056.3151,E,87.8,A,1.2,1*66
$BGRDD,003,2012-07-01T01:00:05Z,86,2,1231,A,3746.6823,N,14056.3468,E,76.4,A,1.2,1*6e
$BGRDD,003,2012-07-01T01:00:10Z,82,4,1235,A,3746.6816,N,14056.3789,E,78.1,A,1.2,1*6d
$BGRDD,003,2012-07-01T01:00:15Z,75,4,1239,A,3746.6710,N,14056.3943,E,68.5,A,1.0,1*6a
$BGRDD,003,2012-07-01T01:00:20Z,72,5,1244,A,3746.6488,N,14056.4042,E,56.5,A,1.0,1*60
$BGRDD,003,2012-07-01T01:00:25Z,71,7,1251,A,3746.6204,N,14056.4191,E,54.8,A,1.0,1*62
$BGRDD,003,2012-07-01T01:00:30Z,69,6,1257,A,3746.5931,N,14056.4393,E,57.1,A,1.0,1*6c
$BGRDD,003,2012-07-01T01:00:35Z,68,6,1263,A,3746.5731,N,14056.4600,E,58.7,A,1.0,1*67
$BGRDD,003,2012-07-01T01:00:40Z,65,5,1268,A,3746.5520,N,14056.4766,E,57.9,A,1.0,1*62
$BGRDD,003,2012-07-01T01:00:45Z,58,4,1272,A,3746.5298,N,14056.4963,E,59.2,A,1.0,1*69
$BGRDD,003,2012-07-01T01:00:50Z,59,7,1279,A,3746.5049,N,14056.5169,E,63.7,A,1.0,1*65
$BGRDD,003,2012-07-01T01:00:54Z,58,4,1283,A,3746.4822,N,14056.5376,E,64.2,A,1.0,1*6c
$BGRDD,003,2012-07-01T01:00:59Z,60,6,1289,A,3746.4528,N,14056.5592,E,58.9,A,1.0,1*6d
$BGRDD,003,2012-07-01T01:01:04Z,66,8,1297,A,3746.4188,N,14056.5774,E,54.3,A,1.0,1*61
$BGRDD,003,2012-07-01T01:01:09Z,64,2,1299,A,3746.3825,N,14056.5921,E,49.4,A,1.0,1*66
$BGRDD,003,2012-07-01T01:01:14Z,68,8,1307,A,3746.3425,N,14056.6064,E,47.3,A,1.0,1*64
$BGRDD,003,2012-07-01T01:01:19Z,69,6,1313,A,3746.3012,N,14056.6167,E,44.4,A,1.0,1*65
$BGRDD,003,2012-07-01T01:01:24Z,65,3,1316,A,3746.2706,N,14056.6227,E,41.4,A,1.0,1*66
$BGRDD,003,2012-07-01T01:01:29Z,61,2,1318,A,3746.2572,N,14056.6246,E,39.8,A,1.0,1*65
$BGRDD,003,2012-07-01T01:01:34Z,63,8,1326,A,3746.2522,N,14056.6254,E,38.3,A,1.0,1*60
$BGRDD,003,2012-07-01T01:01:39Z,61,3,1329,A,3746.2341,N,14056.6281,E,37.0,A,1.0,1*6c
$BGRDD,003,2012-07-01T01:01:44Z,57,0,1329,A,3746.2043,N,14056.6326,E,31.8,A,1.0,1*63
$BGRDD,003,2012-07-01T01:01:49Z,58,8,1337,A,3746.1703,N,14056.6370,E,29.5,A,1.0,1*61
$BGRDD,003,2012-07-01T01:01:54Z,57,3,1340,A,3746.1348,N,14056.6402,E,25.4,A,1.0,1*6d
$BGRDD,003,2012-07-01T01:01:59Z,54,3,1343,A,3746.0980,N,14056.6448,E,24.4,A,1.0,1*60
$BGRDD,003,2012-07-01T01:02:04Z,50,4,1347,A,3746.0586,N,14056.6510,E,23.0,A,1.0,1*69
$BGRDD,003,2012-07-01T01:02:09Z,49,1,1348,A,3746.0189,N,14056.6575,E,21.0,A,1.0,1*6c
$BGRDD,003,2012-07-01T01:02:14Z,46,5,1353,A,3745.9825,N,14056.6667,E,20.5,A,1.0,1*60
$BGRDD,003,2012-07-01T01:02:19Z,45,5,1358,A,3745.9603,N,14056.6746,E,21.4,A,1.0,1*6d
$BGRDD,003,2012-07-01T01:02:24Z,48,6,1364,A,3745.9544,N,14056.6783,E,22.4,A,1.0,1*68
$BGRDD,003,2012-07-01T01:02:29Z,51,5,1369,A,3745.9553,N,14056.6775,E,20.7,A,1.0,1*6d
$BGRDD,003,2012-07-01T01:02:34Z,49,6,1375,A,3745.9555,N,14056.6771,E,19.1,A,1.0,1*68
$BGRDD,003,2012-07-01T01:02:39Z,53,7,1382,A,3745.9553,N,14056.6771,E,19.2,A,1.0,1*62
$BGRDD,003,2012-07-01T01:02:44Z,58,5,1387,A,3745.9552,N,14056.6770,E,19.7,A,1.0,1*61
$BGRDD,003,2012-07-01T01:02:49Z,53,3,1390,A,3745.9555,N,14056.6773,E,20.2,A,1.0,1*6c
$BGRDD,003,2012-07-01T01:02:54Z,54,4,1394,A,3745.9400,N,14056.6863,E,20.0,A,1.1,1*68
$BGRDD,003,2012-07-01T01:02:59Z,54,3,1397,A,3745.9161,N,14056.7017,E,20.1,A,1.7,1*6e
$BGRDD,003,2012-07-01T01:03:04Z,59,9,1406,A,3745.8897,N,14056.7219,E,19.7,A,1.6,1*6f
$BGRDD,003,2012-07-01T01:03:09Z,66,8,1414,A,3745.8605,N,14056.7450,E,21.7,A,1.0,1*6f
$BGRDD,003,2012-07-01T01:03:14Z,70,9,1423,A,3745.8286,N,14056.7712,E,27.1,A,1.0,1*6b
$BGRDD,003,2012-07-01T01:03:19Z,71,6,1429,A,3745.7961,N,14056.7969,E,31.1,A,1.0,1*6a
$BGRDD,003,2012-07-01T01:03:24Z,67,2,1431,A,3745.7651,N,14056.8202,E,33.5,A,1.1,1*6c
$BGRDD,003,2012-07-01T01:03:29Z,68,6,1437,A,3745.7317,N,14056.8498,E,33.3,A,1.1,1*68
$BGRDD,003,2012-07-01T01:03:34Z,65,3,1440,A,3745.6907,N,14056.8815,E,41.3,A,1.1,1*6a
$BGRDD,003,2012-07-01T01:03:39Z,61,3,1443,A,3745.6505,N,14056.9129,E,42.4,A,1.1,1*6d
$BGRDD,003,2012-07-01T01:03:44Z,58,2,1445,A,3745.6115,N,14056.9405,E,46.3,A,1.1,1*67
$BGRDD,003,2012-07-01T01:03:49Z,58,3,1448,A,3745.5756,N,14056.9666,E,48.1,A,1.0,1*6e
$BGRDD,003,2012-07-01T01:03:54Z,56,2,1450,A,3745.5509,N,14056.9918,E,41.6,A,1.0,1*64
$BGRDD,003,2012-07-01T01:03:59Z,57,4,1454,A,3745.5544,N,14057.0106,E,47.5,A,1.1,1*68
$BGRDD,003,2012-07-01T01:04:04Z,53,5,1459,A,3745.5579,N,14057.0115,E,56.0,A,1.3,1*64
$BGRDD,003,2012-07-01T01:04:09Z,52,7,1466,A,3745.5600,N,14057.0084,E,51.7,A,1.3,1*62
$BGRDD,003,2012-07-01T01:04:14Z,47,4,1470,A,3745.5604,N,14057.0080,E,49.3,A,1.3,1*63
$BGRDD,003,2012-07-01T01:04:19Z,46,5,1475,A,3745.5610,N,14057.0076,E,46.9,A,1.4,1*65
$BGRDD,003,2012-07-01T01:04:24Z,44,0,1475,A,3745.5614,N,14057.0074,E,44.9,A,1.3,1*6f
$BGRDD,003,2012-07-01T01:04:29Z,45,7,1482,A,3745.5617,N,14057.0072,E,43.6,A,1.3,1*61
$BGRDD,003,2012-07-01T01:04:34Z,46,4,1486,A,3745.5617,N,14057.0070,E,42.6,A,1.3,1*6a
$BGRDD,003,2012-07-01T01:04:39Z,50,7,1493,A,3745.5618,N,14057.0069,E,41.6,A,1.3,1*63
$BGRDD,003,2012-07-01T01:04:44Z,52,4,1497,A,3745.5622,N,14057.0071,E,39.8,A,1.3,1*6d
$BGRDD,003,2012-07-01T01:04:49Z,50,1,1498,A,3745.5629,N,14057.0074,E,38.0,A,1.3,1*6f
$BGRDD,003,2012-07-01T01:04:54Z,54,6,1504,A,3745.5635,N,14057.0077,E,36.1,A,1.3,1*65
$BGRDD,003,2012-07-01T01:04:59Z,56,6,1510,A,3745.5638,N,14057.0080,E,34.8,A,1.3,1*61
$BGRDD,003,2012-07-01T01:05:04Z,55,4,1514,A,3745.5642,N,14057.0080,E,33.4,A,1.3,1*6b
$BGRDD,003,2012-07-01T01:05:09Z,53,5,1519,A,3745.5645,N,14057.0079,E,32.2,A,1.3,1*6a
$BGRDD,003,2012-07-01T01:05:14Z,55,6,1525,A,3745.5646,N,14057.0078,E,31.3,A,1.3,1*6c
$BGRDD,003,2012-07-01T01:05:19Z,57,7,1532,A,3745.5647,N,14057.0078,E,30.8,A,1.3,1*6f
$BGRDD,003,2012-07-01T01:05:24Z,57,0,1532,A,3745.5649,N,14057.0078,E,30.2,A,1.3,1*62
$BGRDD,003,2012-07-01T01:05:29Z,54,4,1536,A,3745.5649,N,14057.0079,E,29.9,A,1.3,1*6e
$BGRDD,003,2012-07-01T01:05:34Z,52,2,1538,A,3745.5651,N,14057.0080,E,29.5,A,1.3,1*6f
$BGRDD,003,2012-07-01T01:05:39Z,51,6,1544,A,3745.5651,N,14057.0080,E,29.1,A,1.3,1*6a
$BGRDD,003,2012-07-01T01:05:44Z,54,7,1551,A,3745.5652,N,14057.0080,E,28.9,A,1.3,1*6a
$BGRDD,003,2012-07-01T01:05:49Z,62,9,1560,A,3745.5653,N,14057.0081,E,28.7,A,1.3,1*60
$BGRDD,003,2012-07-01T01:05:54Z,64,8,1568,A,3745.5655,N,14057.0081,E,28.2,A,1.3,1*60
$BGRDD,003,2012-07-01T01:05:59Z,62,4,1572,A,3745.5656,N,14057.0081,E,27.7,A,1.3,1*65
$BGRDD,003,2012-07-01T01:06:03Z,62,4,1576,A,3745.5657,N,14057.0080,E,27.2,A,1.3,1*68
$BGRDD,003,2012-07-01T01:06:08Z,63,6,1582,A,3745.5658,N,14057.0080,E,26.4,A,1.3,1*63
$BGRDD,003,2012-07-01T01:06:13Z,62,5,1587,A,3745.5658,N,14057.0080,E,25.9,A,1.3,1*60
$BGRDD,003,2012-07-01T01:06:18Z,63,8,1595,A,3745.5658,N,14057.0079,E,25.9,A,1.3,1*62
$BGRDD,003,2012-07-01T01:06:23Z,65,2,1597,A,3745.5657,N,14057.0079,E,26.0,A,1.3,1*61
$BGRDD,003,2012-07-01T01:06:28Z,64,3,1600,A,3745.5657,N,14057.0079,E,25.5,A,1.3,1*61
$BGRDD,003,2012-07-01T01:06:33Z,69,7,1607,A,3745.5646,N,14057.0066,E,26.1,A,1.3,1*6c
$BGRDD,003,2012-07-01T01:06:38Z,69,6,1613,A,3745.5536,N,14057.0129,E,25.4,A,1.1,1*69
$BGRDD,003,2012-07-01T01:06:43Z,65,3,1616,A,3745.5408,N,14057.0128,E,24.9,A,1.3,1*6a
$BGRDD,003,2012-07-01T01:06:48Z,63,7,1623,A,3745.5359,N,14057.0097,E,23.5,A,1.5,1*6e
$BGRDD,003,2012-07-01T01:06:53Z,64,9,1632,A,3745.5352,N,14057.0100,E,24.3,A,1.1,1*6c
$BGRDD,003,2012-07-01T01:06:58Z,63,3,1635,A,3745.5169,N,14057.0216,E,25.8,A,1.1,1*69
$BGRDD,003,2012-07-01T01:07:03Z,68,9,1644,A,3745.4808,N,14057.0474,E,28.7,A,1.1,1*6e
$BGRDD,003,2012-07-01T01:07:08Z,77,15,1659,A,3745.4374,N,14057.0795,E,32.0,A,1.3,1*58
$BGRDD,003,2012-07-01T01:07:13Z,77,5,1664,A,3745.3940,N,14057.1110,E,34.8,A,2.0,1*63
$BGRDD,003,2012-07-01T01:07:18Z,76,7,1671,A,3745.3499,N,14057.1455,E,39.3,A,2.0,1*64
$BGRDD,003,2012-07-01T01:07:23Z,79,5,1676,A,3745.3065,N,14057.1757,E,44.2,A,1.3,1*6b
$BGRDD,003,2012-07-01T01:07:28Z,81,5,1681,A,3745.2623,N,14057.2055,E,54.6,A,2.0,1*69
$BGRDD,003,2012-07-01T01:07:33Z,81,7,1688,A,3745.2149,N,14057.2355,E,69.8,A,1.1,1*62
$BGRDD,003,2012-07-01T01:07:38Z,77,2,1690,A,3745.1712,N,14057.2552,E,68.5,A,1.3,1*68
$BGRDD,003,2012-07-01T01:07:43Z,79,5,1695,A,3745.1274,N,14057.2650,E,69.6,A,1.3,1*6e
$BGRDD,003,2012-07-01T01:07:48Z,81,9,1704,A,3745.0820,N,14057.2713,E,72.1,A,1.5,1*60
$BGRDD,003,2012-07-01T01:07:53Z,76,4,1708,A,3745.0377,N,14057.2715,E,81.3,A,1.3,1*64
$BGRDD,003,2012-07-01T01:07:58Z,79,6,1714,A,3744.9895,N,14057.2732,E,76.1,A,1.3,1*6f
$BGRDD,003,2012-07-01T01:08:03Z,79,9,1723,A,3744.9421,N,14057.2719,E,75.0,A,1.5,1*6b
$BGRDD,003,2012-07-01T01:08:08Z,70,6,1729,A,3744.8953,N,14057.2702,E,77.0,A,1.3,1*6b
$BGRDD,003,2012-07-01T01:08:13Z,72,7,1736,A,3744.8500,N,14057.2667,E,74.5,A,1.3,1*62
$BGRDD,003,2012-07-01T01:08:18Z,69,4,1740,A,3744.8079,N,14057.2635,E,70.4,A,1.3,1*68
$BGRDD,003,2012-07-01T01:08:23Z,66,2,1742,A,3744.7660,N,14057.2601,E,65.8,A,1.3,1*65
$BGRDD,003,2012-07-01T01:08:28Z,65,4,1746,A,3744.7226,N,14057.2588,E,60.9,A,1.1,1*6d
$BGRDD,003,2012-07-01T01:08:33Z,65,7,1753,A,3744.6803,N,14057.2559,E,54.1,A,1.0,1*6e
$BGRDD,003,2012-07-01T01:08:38Z,73,10,1763,A,3744.6379,N,14057.2523,E,52.5,A,1.1,1*5f
$BGRDD,003,2012-07-01T01:08:43Z,72,4,1767,A,3744.5951,N,14057.2494,E,52.3,A,1.1,1*6b
$BGRDD,003,2012-07-01T01:08:48Z,71,8,1775,A,3744.5486,N,14057.2470,E,53.5,A,1.1,1*66
$BGRDD,003,2012-07-01T01:08:53Z,73,6,1781,A,3744.5031,N,14057.2444,E,52.0,A,1.1,1*60
$BGRDD,003,2012-07-01T01:08:58Z,73,6,1787,A,3744.4565,N,14057.2432,E,54.7,A,1.3,1*6a
$BGRDD,003,2012-07-01T01:09:03Z,71,7,1794,A,3744.4121,N,14057.2402,E,56.7,A,1.1,1*63
$BGRDD,003,2012-07-01T01:09:08Z,75,10,1804,A,3744.3685,N,14057.2367,E,56.1,A,1.1,1*50
$BGRDD,003,2012-07-01T01:09:13Z,70,2,1806,A,3744.3243,N,14057.2331,E,53.7,A,1.0,1*61
$BGRDD,003,2012-07-01T01:09:18Z,69,3,1809,A,3744.2794,N,14057.2283,E,53.8,A,1.1,1*64
$BGRDD,003,2012-07-01T01:09:23Z,75,8,1817,A,3744.2371,N,14057.2245,E,49.1,A,1.1,1*62
$BGRDD,003,2012-07-01T01:09:28Z,77,6,1823,A,3744.1925,N,14057.2209,E,47.2,A,1.3,1*6d
$BGRDD,003,2012-07-01T01:09:33Z,75,5,1828,A,3744.1479,N,14057.2156,E,43.4,A,1.3,1*62
$BGRDD,003,2012-07-01T01:09:38Z,67,2,1830,A,3744.1013,N,14057.2134,E,40.4,A,1.1,1*69
$BGRDD,003,2012-07-01T01:09:43Z,74,11,1841,A,3744.0562,N,14057.2113,E,39.5,A,1.1,1*5b
$BGRDD,003,2012-07-01T01:09:48Z,73,7,1848,A,3744.0131,N,14057.2086,E,40.0,A,1.1,1*6d
$BGRDD,003,2012-07-01T01:09:53Z,72,5,1853,A,3743.9726,N,14057.2063,E,38.5,A,1.4,1*64
$BGRDD,003,2012-07-01T01:09:58Z,72,6,1859,A,3743.9332,N,14057.2007,E,35.3,A,1.3,1*69
$BGRDD,003,2012-07-01T01:10:03Z,69,4,1863,A,3743.8946,N,14057.1981,E,36.3,A,1.4,1*66
$BGRDD,003,2012-07-01T01:10:08Z,64,5,1868,A,3743.8578,N,14057.1946,E,40.6,A,1.3,1*63
$BGRDD,003,2012-07-01T01:10:13Z,69,7,1875,A,3743.8237,N,14057.1950,E,37.1,A,1.3,1*66
$BGRDD,003,2012-07-01T01:10:18Z,72,6,1881,A,3743.7854,N,14057.1941,E,35.7,A,1.3,1*69
$BGRDD,003,2012-07-01T01:10:23Z,75,11,1892,A,3743.7451,N,14057.1924,E,34.0,A,1.3,1*5e
$BGRDD,003,2012-07-01T01:10:28Z,74,5,1897,A,3743.7045,N,14057.1904,E,33.8,A,1.3,1*68
$BGRDD,003,2012-07-01T01:10:33Z,72,3,1900,A,3743.6626,N,14057.1873,E,29.2,A,1.3,1*6f
$BGRDD,003,2012-07-01T01:10:38Z,74,4,1904,A,3743.6213,N,14057.1902,E,28.1,A,1.3,1*66
$BGRDD,003,2012-07-01T01:10:43Z,65,2,1906,A,3743.5808,N,14057.1971,E,29.0,A,1.3,1*69
$BGRDD,003,2012-07-01T01:10:48Z,63,5,1911,A,3743.5400,N,14057.2053,E,35.1,A,1.4,1*60
$BGRDD,003,2012-07-01T01:10:53Z,66,8,1919,A,3743.5016,N,14057.2191,E,38.7,A,1.3,1*6a
$BGRDD,003,2012-07-01T01:10:58Z,65,5,1924,A,3743.4664,N,14057.2353,E,39.4,A,1.3,1*6d
$BGRDD,003,2012-07-01T01:11:02Z,69,8,1932,A,3743.4403,N,14057.2491,E,41.8,A,1.3,1*6c
$BGRDD,003,2012-07-01T01:11:07Z,69,5,1937,A,3743.4099,N,14057.2674,E,45.6,A,1.3,1*65
$BGRDD,003,2012-07-01T01:11:12Z,69,7,1944,A,3743.3774,N,14057.2884,E,50.5,A,1.3,1*62
$BGRDD,003,2012-07-01T01:11:17Z,70,7,1951,A,3743.3392,N,14057.3128,E,53.8,A,1.3,1*67
$BGRDD,003,2012-07-01T01:11:22Z,64,5,1956,A,3743.2986,N,14057.3371,E,60.8,A,1.3,1*61
$BGRDD,003,2012-07-01T01:11:27Z,65,6,1962,A,3743.2594,N,14057.3622,E,61.2,A,1.3,1*66
$BGRDD,003,2012-07-01T01:11:32Z,70,8,1970,A,3743.2208,N,14057.3851,E,64.5,A,1.3,1*61
$BGRDD,003,2012-07-01T01:11:37Z,74,8,1978,A,3743.1853,N,14057.4064,E,68.3,A,1.1,1*6e
$BGRDD,003,2012-07-01T01:11:42Z,78,6,1984,A,3743.1498,N,14057.4343,E,65.4,A,1.1,1*6a
$BGRDD,003,2012-07-01T01:11:47Z,82,9,1993,A,3743.1153,N,14057.4571,E,68.7,A,1.1,1*68
$BGRDD,003,2012-07-01T01:11:52Z,80,6,1999,A,3743.0826,N,14057.4745,E,69.2,A,1.3,1*62
$BGRDD,003,2012-07-01T01:11:57Z,79,4,2003,A,3743.0461,N,14057.4993,E,67.8,A,1.3,1*64
$BGRDD,003,2012-07-01T01:12:02Z,79,8,2011,A,3743.0102,N,14057.5269,E,68.6,A,1.1,1*64
$BGRDD,003,2012-07-01T01:12:07Z,82,8,2019,A,3742.9796,N,14057.5532,E,60.3,A,1.1,1*6a
$BGRDD,003,2012-07-01T01:12:12Z,79,4,2023,A,3742.9501,N,14057.5822,E,48.5,A,1.1,1*63
$BGRDD,003,2012-07-01T01:12:17Z,77,5,2028,A,3742.9191,N,14057.6102,E,40.1,A,1.1,1*6b
$BGRDD,003,2012-07-01T01:12:22Z,79,7,2035,A,3742.8863,N,14057.6380,E,37.0,A,1.1,1*61
$BGRDD,003,2012-07-01T01:12:27Z,77,4,2039,A,3742.8556,N,14057.6650,E,32.3,A,1.1,1*60
$BGRDD,003,2012-07-01T01:12:32Z,77,8,2047,A,3742.8270,N,14057.6897,E,31.6,A,1.1,1*61
$BGRDD,003,2012-07-01T01:12:37Z,74,5,2052,A,3742.8051,N,14057.7087,E,28.5,A,1.1,1*6c
$BGRDD,003,2012-07-01T01:12:42Z,70,2,2054,A,3742.7903,N,14057.7208,E,30.4,A,1.1,1*67
$BGRDD,003,2012-07-01T01:12:47Z,66,5,2059,A,3742.7834,N,14057.7267,E,30.2,A,1.1,1*65
$BGRDD,003,2012-07-01T01:12:52Z,63,3,2062,A,3742.7804,N,14057.7302,E,27.5,A,1.1,1*6a
$BGRDD,003,2012-07-01T01:12:57Z,64,5,2067,A,3742.7744,N,14057.7354,E,26.2,A,1.1,1*65
$BGRDD,003,2012-07-01T01:13:02Z,60,4,2071,A,3742.7608,N,14057.7480,E,24.6,A,1.1,1*67
$BGRDD,003,2012-07-01T01:13:07Z,54,2,2073,A,3742.7398,N,14057.7664,E,23.8,A,1.1,1*6c
$BGRDD,003,2012-07-01T01:13:12Z,57,7,2080,A,3742.7118,N,14057.7899,E,22.6,A,1.1,1*6b
$BGRDD,003,2012-07-01T01:13:17Z,61,9,2089,A,3742.6797,N,14057.8169,E,22.4,A,1.1,1*67
$BGRDD,003,2012-07-01T01:13:22Z,61,7,2096,A,3742.6479,N,14057.8451,E,24.7,A,1.1,1*69
$BGRDD,003,2012-07-01T01:13:27Z,60,3,2099,A,3742.6151,N,14057.8738,E,24.5,A,1.0,1*66
$BGRDD,003,2012-07-01T01:13:32Z,53,1,2100,A,3742.5827,N,14057.9010,E,26.3,A,1.0,1*62
$BGRDD,003,2012-07-01T01:13:37Z,55,7,2107,A,3742.5509,N,14057.9281,E,25.1,A,1.0,1*6a
$BGRDD,003,2012-07-01T01:13:42Z,64,11,2118,A,3742.5208,N,14057.9542,E,26.1,A,1.0,1*5e
$BGRDD,003,2012-07-01T01:13:47Z,66,7,2125,A,3742.4925,N,14057.9774,E,23.9,A,1.0,1*6f
$BGRDD,003,2012-07-01T01:13:52Z,65,2,2127,A,3742.4646,N,14058.0030,E,24.1,A,1.0,1*6b
$BGRDD,003,2012-07-01T01:13:57Z,65,5,2132,A,3742.4374,N,14058.0285,E,26.4,A,1.0,1*62
$BGRDD,003,2012-07-01T01:14:02Z,64,3,2135,A,3742.4106,N,14058.0514,E,25.7,A,1.0,1*6d
$BGRDD,003,2012-07-01T01:14:07Z,70,8,2143,A,3742.3834,N,14058.0755,E,22.4,A,1.0,1*6b
$BGRDD,003,2012-07-01T01:14:12Z,73,10,2153,A,3742.3549,N,14058.0985,E,22.6,A,1.1,1*53
$BGRDD,003,2012-07-01T01:14:17Z,65,1,2154,A,3742.3230,N,14058.1246,E,24.7,A,1.0,1*6c
$BGRDD,003,2012-07-01T01:14:22Z,67,9,2163,A,3742.2910,N,14058.1526,E,23.8,A,1.0,1*65
$BGRDD,003,2012-07-01T01:14:27Z,70,6,2169,A,3742.2582,N,14058.1803,E,21.2,A,1.1,1*67
$BGRDD,003,2012-07-01T01:14:32Z,74,5,2174,A,3742.2265,N,14058.2081,E,19.6,A,1.0,1*69
$BGRDD,003,2012-07-01T01:14:37Z,78,11,2185,A,3742.1963,N,14058.2338,E,20.0,A,1.0,1*58
$BGRDD,003,2012-07-01T01:14:42Z,74,7,2192,A,3742.1638,N,14058.2616,E,23.6,A,1.0,1*6a
$BGRDD,003,2012-07-01T01:14:47Z,67,0,2192,A,3742.1312,N,14058.2898,E,27.3,A,1.0,1*6e
$BGRDD,003,2012-07-01T01:14:52Z,67,2,2194,A,3742.1046,N,14058.3132,E,34.9,A,1.0,1*6c
$BGRDD,003,2012-07-01T01:14:57Z,65,3,2197,A,3742.0881,N,14058.3250,E,35.7,A,1.0,1*63
$BGRDD,003,2012-07-01T01:15:02Z,67,5,2202,A,3742.0805,N,14058.3288,E,42.1,A,1.0,1*66
$BGRDD,003,2012-07-01T01:15:07Z,67,8,2210,A,3742.0823,N,14058.3274,E,38.5,A,1.0,1*63
$BGRDD,003,2012-07-01T01:15:11Z,60,3,2213,A,3742.0833,N,14058.3264,E,36.0,A,1.0,1*60
$BGRDD,003,2012-07-01T01:15:16Z,66,7,2220,A,3742.0843,N,14058.3262,E,33.7,A,1.3,1*65
$BGRDD,003,2012-07-01T01:15:21Z,61,4,2224,A,3742.0844,N,14058.3262,E,32.3,A,1.0,1*60
$BGRDD,003,2012-07-01T01:15:26Z,60,5,2229,A,3742.0742,N,14058.3330,E,34.1,A,0.8,1*68
$BGRDD,003,2012-07-01T01:15:31Z,60,5,2234,A,3742.0462,N,14058.3505,E,40.5,A,0.8,1*64
$BGRDD,003,2012-07-01T01:15:36Z,57,8,2242,A,3742.0097,N,14058.3702,E,43.3,A,0.8,1*65
$BGRDD,003,2012-07-01T01:15:41Z,58,8,2250,A,3741.9723,N,14058.3881,E,31.1,A,0.8,1*68
$BGRDD,003,2012-07-01T01:15:46Z,63,5,2255,A,3741.9357,N,14058.3998,E,26.1,A,0.8,1*67
$BGRDD,003,2012-07-01T01:15:51Z,66,5,2260,A,3741.8997,N,14058.4110,E,24.8,A,0.8,1*61
$BGRDD,003,2012-07-01T01:15:56Z,67,4,2264,A,3741.8620,N,14058.4234,E,23.0,A,0.9,1*6a
$BGRDD,003,2012-07-01T01:16:01Z,64,2,2266,A,3741.8217,N,14058.4360,E,22.8,A,0.8,1*64
$BGRDD,003,2012-07-01T01:16:06Z,63,7,2273,A,3741.7802,N,14058.4490,E,20.4,A,0.8,1*62
$BGRDD,003,2012-07-01T01:16:11Z,66,6,2279,A,3741.7393,N,14058.4613,E,19.3,A,0.9,1*6c
$BGRDD,003,2012-07-01T01:16:16Z,68,9,2288,A,3741.7059,N,14058.4712,E,17.9,A,0.8,1*64
$BGRDD,003,2012-07-01T01:16:21Z,69,5,2293,A,3741.6814,N,14058.4817,E,16.1,A,0.8,1*64
$BGRDD,003,2012-07-01T01:16:26Z,66,2,2295,A,3741.6560,N,14058.4887,E,16.2,A,0.8,1*69
$BGRDD,003,2012-07-01T01:16:31Z,68,7,2302,A,3741.6281,N,14058.4972,E,17.2,A,0.8,1*69
$BGRDD,003,2012-07-01T01:16:36Z,64,4,2306,A,3741.5969,N,14058.5067,E,16.3,A,0.8,1*67
$BGRDD,003,2012-07-01T01:16:41Z,60,4,2310,A,3741.5615,N,14058.5169,E,16.1,A,0.8,1*6d
$BGRDD,003,2012-07-01T01:16:46Z,64,9,2319,A,3741.5211,N,14058.5287,E,16.5,A,0.8,1*6d
$BGRDD,003,2012-07-01T01:16:51Z,66,7,2326,A,3741.4798,N,14058.5434,E,15.9,A,0.8,1*6f
$BGRDD,003,2012-07-01T01:16:56Z,67,5,2331,A,3741.4401,N,14058.5615,E,18.1,A,0.8,1*6a
$BGRDD,003,2012-07-01T01:17:01Z,71,6,2337,A,3741.4046,N,14058.5823,E,21.4,A,0.9,1*69
$BGRDD,003,2012-07-01T01:17:06Z,67,3,2340,A,3741.3706,N,14058.6088,E,23.7,A,0.9,1*63
$BGRDD,003,2012-07-01T01:17:11Z,66,5,2345,A,3741.3366,N,14058.6430,E,24.5,A,0.9,1*67
$BGRDD,003,2012-07-01T01:17:16Z,60,3,2348,A,3741.3074,N,14058.6803,E,25.0,A,0.9,1*65
$BGRDD,003,2012-07-01T01:17:21Z,63,8,2356,A,3741.2811,N,14058.7172,E,28.0,A,1.1,1*66
$BGRDD,003,2012-07-01T01:17:26Z,70,9,2365,A,3741.2569,N,14058.7542,E,31.9,A,0.9,1*6f
$BGRDD,003,2012-07-01T01:17:31Z,69,6,2371,A,3741.2324,N,14058.7866,E,39.5,A,0.9,1*6b
$BGRDD,003,2012-07-01T01:17:36Z,71,6,2377,A,3741.2047,N,14058.8114,E,41.0,A,0.9,1*6c
$BGRDD,003,2012-07-01T01:17:41Z,70,3,2380,A,3741.1736,N,14058.8283,E,38.3,A,1.0,1*6a
$BGRDD,003,2012-07-01T01:17:46Z,65,4,2384,A,3741.1381,N,14058.8439,E,39.6,A,0.8,1*68
$BGRDD,003,2012-07-01T01:17:51Z,61,3,2387,A,3741.1066,N,14058.8458,E,29.0,A,0.8,1*64
$BGRDD,003,2012-07-01T01:17:56Z,62,6,2393,A,3741.0774,N,14058.8477,E,28.5,A,0.8,1*6c
$BGRDD,003,2012-07-01T01:18:01Z,59,3,2396,A,3741.0405,N,14058.8488,E,28.4,A,0.8,1*6d
$BGRDD,003,2012-07-01T01:18:06Z,64,8,2404,A,3740.9975,N,14058.8449,E,29.2,A,0.8,1*6b
$BGRDD,003,2012-07-01T01:18:11Z,65,6,2410,A,3740.9558,N,14058.8394,E,28.2,A,1.0,1*6b
$BGRDD,003,2012-07-01T01:18:16Z,65,3,2413,A,3740.9171,N,14058.8355,E,25.0,A,0.8,1*6e
$BGRDD,003,2012-07-01T01:18:21Z,61,4,2417,A,3740.8790,N,14058.8337,E,22.2,A,0.8,1*64
$BGRDD,003,2012-07-01T01:18:26Z,55,3,2420,A,3740.8407,N,14058.8356,E,20.7,A,1.1,1*62
$BGRDD,003,2012-07-01T01:18:31Z,54,5,2425,A,3740.8064,N,14058.8417,E,18.6,A,1.1,1*6f
$BGRDD,003,2012-07-01T01:18:36Z,57,9,2434,A,3740.7717,N,14058.8533,E,17.9,A,1.1,1*6c
$BGRDD,003,2012-07-01T01:18:41Z,62,8,2442,A,3740.7359,N,14058.8711,E,20.9,A,1.1,1*62
$BGRDD,003,2012-07-01T01:18:46Z,67,9,2451,A,3740.7000,N,14058.8911,E,26.2,A,1.3,1*6d
$BGRDD,003,2012-07-01T01:18:51Z,74,10,2461,A,3740.6636,N,14058.9146,E,31.4,A,1.3,1*5b
$BGRDD,003,2012-07-01T01:18:56Z,73,5,2466,A,3740.6287,N,14058.9415,E,34.9,A,1.7,1*69
$BGRDD,003,2012-07-01T01:19:01Z,78,8,2474,A,3740.5923,N,14058.9704,E,40.7,A,1.3,1*63
$BGRDD,003,2012-07-01T01:19:06Z,75,5,2479,A,3740.5549,N,14058.9949,E,43.1,A,1.4,1*6c
$BGRDD,003,2012-07-01T01:19:10Z,71,2,2481,A,3740.5226,N,14059.0148,E,45.6,A,1.3,1*66
$BGRDD,003,2012-07-01T01:19:15Z,73,5,2486,A,3740.4800,N,14059.0352,E,45.3,A,1.1,1*60
$BGRDD,003,2012-07-01T01:19:20Z,74,5,2491,A,3740.4365,N,14059.0480,E,44.3,A,1.1,1*66
$BGRDD,003,2012-07-01T01:19:25Z,76,5,2496,A,3740.3942,N,14059.0541,E,44.1,A,1.2,1*63
$BGRDD,003,2012-07-01T01:19:30Z,78,7,2503,A,3740.3526,N,14059.0551,E,44.4,A,1.3,1*6d
$BGRDD,003,2012-07-01T01:19:35Z,76,7,2510,A,3740.3105,N,14059.0530,E,47.5,A,1.1,1*66
$BGRDD,003,2012-07-01T01:19:40Z,75,7,2517,A,3740.2677,N,14059.0514,E,51.9,A,1.2,1*6d
$BGRDD,003,2012-07-01T01:19:45Z,71,5,2522,A,3740.2268,N,14059.0523,E,57.1,A,1.3,1*69
$BGRDD,003,2012-07-01T01:19:50Z,64,3,2525,A,3740.1875,N,14059.0629,E,62.0,A,1.3,1*63
$BGRDD,003,2012-07-01T01:19:55Z,65,6,2531,A,3740.1515,N,14059.0815,E,62.7,A,1.3,1*6a
$BGRDD,003,2012-07-01T01:20:00Z,65,8,2539,A,3740.1279,N,14059.0953,E,61.3,A,1.3,1*6f
$BGRDD,003,2012-07-01T01:20:05Z,65,5,2544,A,3740.1276,N,14059.0944,E,57.6,A,1.1,1*66
$BGRDD,003,2012-07-01T01:20:10Z,63,0,2544,A,3740.1285,N,14059.0936,E,52.9,A,1.0,1*63
$BGRDD,003,2012-07-01T01:20:15Z,61,3,2547,A,3740.1294,N,14059.0930,E,49.4,A,1.0,1*65
$BGRDD,003,2012-07-01T01:20:20Z,60,4,2551,A,3740.1297,N,14059.0929,E,47.9,A,0.8,1*63
$BGRDD,003,2012-07-01T01:20:25Z,59,4,2555,A,3740.1300,N,14059.0927,E,45.5,A,0.8,1*67
$BGRDD,003,2012-07-01T01:20:30Z,58,6,2561,A,3740.1303,N,14059.0929,E,43.3,A,1.0,1*63
$BGRDD,003,2012-07-01T01:20:35Z,53,2,2563,A,3740.1303,N,14059.0928,E,42.8,A,1.0,1*60
$BGRDD,003,2012-07-01T01:20:40Z,50,4,2567,A,3740.1304,N,14059.0929,E,42.0,A,0.8,1*64
$BGRDD,003,2012-07-01T01:20:45Z,47,2,2569,A,3740.1303,N,14059.0930,E,42.5,A,1.0,1*6c
$BGRDD,003,2012-07-01T01:20:50Z,47,3,2572,A,3740.1109,N,14059.1084,E,46.4,A,1.0,1*69
$BGRDD,003,2012-07-01T01:20:55Z,52,11,2583,A,3740.0783,N,14059.1380,E,46.8,A,1.0,1*5b
$BGRDD,003,2012-07-01T01:21:00Z,50,6,2589,A,3740.0411,N,14059.1733,E,46.8,A,1.1,1*61
$BGRDD,003,2012-07-01T01:21:05Z,48,3,2592,A,3739.9976,N,14059.2068,E,45.3,A,1.1,1*6b
$BGRDD,003,2012-07-01T01:21:10Z,54,6,2598,A,3739.9471,N,14059.2316,E,40.7,A,1.1,1*6c
$BGRDD,003,2012-07-01T01:21:15Z,58,7,2605,A,3739.8962,N,14059.2425,E,37.1,A,1.1,1*6c
$BGRDD,003,2012-07-01T01:21:20Z,60,6,2611,A,3739.8472,N,14059.2416,E,36.7,A,1.1,1*6e
$BGRDD,003,2012-07-01T01:21:25Z,60,4,2615,A,3739.8081,N,14059.2362,E,40.8,A,1.0,1*6e
$BGRDD,003,2012-07-01T01:21:30Z,58,4,2619,A,3739.7861,N,14059.2325,E,44.8,A,1.1,1*62
$BGRDD,003,2012-07-01T01:21:35Z,65,9,2628,A,3739.7811,N,14059.2329,E,47.0,A,1.1,1*66
$BGRDD,003,2012-07-01T01:21:40Z,68,7,2635,A,3739.7820,N,14059.2341,E,47.2,A,1.1,1*65
$BGRDD,003,2012-07-01T01:21:45Z,71,5,2640,A,3739.7824,N,14059.2343,E,46.3,A,1.0,1*6f
$BGRDD,003,2012-07-01T01:21:50Z,77,9,2649,A,3739.7808,N,14059.2341,E,44.1,A,0.8,1*6d
$BGRDD,003,2012-07-01T01:21:55Z,73,7,2656,A,3739.7619,N,14059.2311,E,42.3,A,0.8,1*63
$BGRDD,003,2012-07-01T01:22:00Z,71,4,2660,A,3739.7359,N,14059.2258,E,40.2,A,0.8,1*6a
$BGRDD,003,2012-07-01T01:22:05Z,71,3,2663,A,3739.7066,N,14059.2203,E,39.5,A,0.8,1*63
$BGRDD,003,2012-07-01T01:22:10Z,69,4,2667,A,3739.6754,N,14059.2142,E,39.9,A,0.8,1*60
$BGRDD,003,2012-07-01T01:22:15Z,68,6,2673,A,3739.6417,N,14059.2093,E,41.3,A,1.0,1*66
$BGRDD,003,2012-07-01T01:22:20Z,69,7,2680,A,3739.6064,N,14059.2020,E,42.9,A,1.3,1*6e
$BGRDD,003,2012-07-01T01:22:25Z,70,5,2685,A,3739.5697,N,14059.1968,E,38.6,A,0.8,1*63
$BGRDD,003,2012-07-01T01:22:30Z,74,8,2693,A,3739.5307,N,14059.1919,E,35.4,A,0.8,1*6c
$BGRDD,003,2012-07-01T01:22:35Z,70,5,2698,A,3739.4887,N,14059.1847,E,32.7,A,1.1,1*6f
$BGRDD,003,2012-07-01T01:22:40Z,68,5,2703,A,3739.4455,N,14059.1782,E,32.5,A,0.8,1*68
$BGRDD,003,2012-07-01T01:22:45Z,65,2,2705,A,3739.4027,N,14059.1715,E,30.4,A,1.1,1*65
$BGRDD,003,2012-07-01T01:22:49Z,61,5,2710,A,3739.3689,N,14059.1663,E,30.7,A,1.2,1*6b
$BGRDD,003,2012-07-01T01:22:54Z,59,5,2715,A,3739.3265,N,14059.1597,E,32.1,A,0.8,1*68
$BGRDD,003,2012-07-01T01:22:59Z,61,6,2721,A,3739.2830,N,14059.1531,E,32.9,A,1.2,1*6e
$BGRDD,003,2012-07-01T01:23:04Z,68,10,2731,A,3739.2393,N,14059.1461,E,33.7,A,1.1,1*52
$BGRDD,003,2012-07-01T01:23:09Z,74,10,2741,A,3739.1998,N,14059.1387,E,32.7,A,1.1,1*59
$BGRDD,003,2012-07-01T01:23:14Z,72,4,2745,A,3739.1643,N,14059.1347,E,32.5,A,0.8,1*6d
$BGRDD,003,2012-07-01T01:23:19Z,72,7,2752,A,3739.1397,N,14059.1326,E,30.2,A,0.9,1*6a
$BGRDD,003,2012-07-01T01:23:24Z,74,7,2759,A,3739.1275,N,14059.1309,E,32.3,A,1.2,1*60
$BGRDD,003,2012-07-01T01:23:29Z,72,6,2765,A,3739.1226,N,14059.1309,E,32.2,A,0.8,1*69
$BGRDD,003,2012-07-01T01:23:34Z,72,5,2770,A,3739.1086,N,14059.1292,E,30.0,A,0.8,1*69
$BGRDD,003,2012-07-01T01:23:39Z,69,2,2772,A,3739.0851,N,14059.1291,E,25.1,A,1.0,1*67
$BGRDD,003,2012-07-01T01:23:44Z,70,3,2775,A,3739.0554,N,14059.1292,E,23.4,A,1.0,1*6b
$BGRDD,003,2012-07-01T01:23:49Z,69,4,2779,A,3739.0213,N,14059.1284,E,20.6,A,1.0,1*67
$BGRDD,003,2012-07-01T01:23:54Z,68,4,2783,A,3738.9813,N,14059.1277,E,19.3,A,1.1,1*6f
$BGRDD,003,2012-07-01T01:23:59Z,65,3,2786,A,3738.9416,N,14059.1251,E,22.3,A,1.2,1*6b
$BGRDD,003,2012-07-01T01:24:04Z,60,5,2791,A,3738.9053,N,14059.1216,E,22.9,A,1.2,1*6d
$BGRDD,003,2012-07-01T01:24:09Z,56,6,2797,A,3738.8677,N,14059.1149,E,25.1,A,1.2,1*67
$BGRDD,003,2012-07-01T01:24:14Z,52,0,2797,A,3738.8275,N,14059.1043,E,27.3,A,1.2,1*64
$BGRDD,003,2012-07-01T01:24:19Z,58,13,2810,A,3738.7863,N,14059.0910,E,29.2,A,1.2,1*52
$BGRDD,003,2012-07-01T01:24:24Z,59,8,2818,A,3738.7472,N,14059.0758,E,30.2,A,1.2,1*69
$BGRDD,003,2012-07-01T01:24:29Z,59,6,2824,A,3738.7106,N,14059.0619,E,29.8,A,1.2,1*65
$BGRDD,003,2012-07-01T01:24:34Z,56,2,2826,A,3738.6760,N,14059.0512,E,31.3,A,1.1,1*6e
$BGRDD,003,2012-07-01T01:24:39Z,63,9,2835,A,3738.6407,N,14059.0406,E,32.6,A,1.1,1*6c
$BGRDD,003,2012-07-01T01:24:44Z,63,3,2838,A,3738.6036,N,14059.0283,E,31.3,A,1.1,1*6a
$BGRDD,003,2012-07-01T01:24:49Z,65,6,2844,A,3738.5635,N,14059.0142,E,31.0,A,1.1,1*64
$BGRDD,003,2012-07-01T01:24:54Z,66,5,2849,A,3738.5243,N,14059.0019,E,30.6,A,1.1,1*68
$BGRDD,003,2012-07-01T01:24:59Z,71,8,2857,A,3738.4878,N,14058.9945,E,32.5,A,1.1,1*6b
$BGRDD,003,2012-07-01T01:25:04Z,72,6,2863,A,3738.4539,N,14058.9934,E,34.1,A,1.1,1*64
$BGRDD,003,2012-07-01T01:25:09Z,74,8,2871,A,3738.4171,N,14058.9990,E,36.2,A,1.1,1*65
$BGRDD,003,2012-07-01T01:25:14Z,77,3,2874,A,3738.3790,N,14059.0080,E,35.8,A,1.1,1*63
$BGRDD,003,2012-07-01T01:25:19Z,70,6,2880,A,3738.3460,N,14059.0158,E,34.9,A,1.1,1*6f
$BGRDD,003,2012-07-01T01:25:24Z,69,7,2887,A,3738.3219,N,14059.0206,E,37.8,A,1.1,1*6d
$BGRDD,003,2012-07-01T01:25:29Z,71,8,2895,A,3738.3073,N,14059.0231,E,40.0,A,1.1,1*67
$BGRDD,003,2012-07-01T01:25:34Z,73,4,2899,A,3738.2993,N,14059.0243,E,40.3,A,1.0,1*68
$BGRDD,003,2012-07-01T01:25:39Z,77,13,2912,A,3738.2992,N,14059.0254,E,36.7,A,1.2,1*55
$BGRDD,003,2012-07-01T01:25:44Z,83,9,2921,A,3738.2985,N,14059.0253,E,36.5,A,1.0,1*6e
$BGRDD,003,2012-07-01T01:25:49Z,85,8,2929,A,3738.2979,N,14059.0255,E,38.1,A,1.2,1*61
$BGRDD,003,2012-07-01T01:25:54Z,84,4,2933,A,3738.2972,N,14059.0254,E,40.1,A,1.0,1*6c
$BGRDD,003,2012-07-01T01:25:59Z,80,4,2937,A,3738.2980,N,14059.0252,E,39.0,A,1.0,1*65
$BGRDD,003,2012-07-01T01:26:04Z,78,4,2941,A,3738.2985,N,14059.0250,E,38.1,A,1.0,1*6f
$BGRDD,003,2012-07-01T01:26:09Z,74,4,2945,A,3738.2985,N,14059.0250,E,37.7,A,1.0,1*63
$BGRDD,003,2012-07-01T01:26:14Z,73,2,2947,A,3738.2985,N,14059.0247,E,39.0,A,1.0,1*63
$BGRDD,003,2012-07-01T01:26:19Z,74,7,2954,A,3738.2984,N,14059.0246,E,38.8,A,1.2,1*65
$BGRDD,003,2012-07-01T01:26:23Z,73,6,2960,A,3738.2984,N,14059.0249,E,38.2,A,0.8,1*63
$BGRDD,003,2012-07-01T01:26:29Z,75,10,2970,A,3738.2911,N,14059.0275,E,37.9,A,0.8,1*5e
$BGRDD,003,2012-07-01T01:26:33Z,76,5,2975,A,3738.2663,N,14059.0335,E,38.6,A,1.0,1*61
$BGRDD,003,2012-07-01T01:26:38Z,72,9,2984,A,3738.2271,N,14059.0420,E,39.6,A,1.0,1*69
$BGRDD,003,2012-07-01T01:26:43Z,72,9,2993,A,3738.1869,N,14059.0522,E,40.3,A,1.0,1*6b
$BGRDD,003,2012-07-01T01:26:48Z,68,4,2997,A,3738.1501,N,14059.0615,E,38.9,A,1.2,1*61
$BGRDD,003,2012-07-01T01:26:53Z,73,9,3006,A,3738.1170,N,14059.0682,E,36.2,A,1.2,1*65
$BGRDD,003,2012-07-01T01:26:58Z,78,9,3015,A,3738.0955,N,14059.0737,E,38.2,A,1.2,1*68
$BGRDD,003,2012-07-01T01:27:03Z,82,8,3023,A,3738.0708,N,14059.0811,E,32.5,A,1.0,1*64
$BGRDD,003,2012-07-01T01:27:08Z,83,5,3028,A,3738.0422,N,14059.0935,E,31.2,A,1.2,1*62
$BGRDD,003,2012-07-01T01:27:13Z,86,5,3033,A,3738.0109,N,14059.1107,E,31.9,A,1.0,1*6a
$BGRDD,003,2012-07-01T01:27:18Z,82,3,3036,A,3737.9818,N,14059.1327,E,30.7,A,1.0,1*66
$BGRDD,003,2012-07-01T01:27:23Z,81,5,3041,A,3737.9532,N,14059.1554,E,28.2,A,1.0,1*60
$BGRDD,003,2012-07-01T01:27:28Z,82,11,3052,A,3737.9252,N,14059.1800,E,28.2,A,1.0,1*52
$BGRDD,003,2012-07-01T01:27:33Z,82,5,3057,A,3737.9018,N,14059.2031,E,29.2,A,1.0,1*6c
$BGRDD,003,2012-07-01T01:27:38Z,81,8,3065,A,3737.8840,N,14059.2221,E,29.9,A,1.1,1*65
$BGRDD,003,2012-07-01T01:27:43Z,79,7,3072,A,3737.8770,N,14059.2290,E,28.9,A,1.1,1*60
$BGRDD,003,2012-07-01T01:27:48Z,80,5,3077,A,3737.8768,N,14059.2293,E,28.9,A,1.1,1*60
$BGRDD,003,2012-07-01T01:27:53Z,75,4,3081,A,3737.8761,N,14059.2292,E,27.7,A,0.8,1*69
$BGRDD,003,2012-07-01T01:27:58Z,72,6,3087,A,3737.8607,N,14059.2433,E,25.1,A,1.1,1*61
$BGRDD,003,2012-07-01T01:28:03Z,73,9,3096,A,3737.8413,N,14059.2617,E,25.3,A,0.8,1*67
$BGRDD,003,2012-07-01T01:28:08Z,70,2,3098,A,3737.8184,N,14059.2827,E,26.2,A,1.0,1*67
$BGRDD,003,2012-07-01T01:28:13Z,71,6,3104,A,3737.7938,N,14059.3035,E,26.6,A,0.8,1*6b
$BGRDD,003,2012-07-01T01:28:18Z,70,2,3106,A,3737.7647,N,14059.3291,E,27.2,A,0.8,1*69
$BGRDD,003,2012-07-01T01:28:23Z,69,4,3110,A,3737.7357,N,14059.3541,E,26.7,A,0.9,1*63
$BGRDD,003,2012-07-01T01:28:28Z,65,7,3117,A,3737.7010,N,14059.3788,E,25.1,A,1.0,1*6a
$BGRDD,003,2012-07-01T01:28:33Z,63,3,3120,A,3737.6667,N,14059.4012,E,23.2,A,1.0,1*67
$BGRDD,003,2012-07-01T01:28:38Z,61,6,3126,A,3737.6310,N,14059.4231,E,24.1,A,1.0,1*6f
$BGRDD,003,2012-07-01T01:28:43Z,63,9,3135,A,3737.5916,N,14059.4475,E,22.2,A,1.0,1*60
$BGRDD,003,2012-07-01T01:28:48Z,61,3,3138,A,3737.5518,N,14059.4728,E,20.9,A,1.0,1*6e
$BGRDD,003,2012-07-01T01:28:53Z,62,5,3143,A,3737.5119,N,14059.5045,E,22.7,A,1.0,1*69
$BGRDD,003,2012-07-01T01:28:58Z,63,7,3150,A,3737.4740,N,14059.5429,E,21.7,A,1.0,1*65
$BGRDD,003,2012-07-01T01:29:03Z,59,5,3155,A,3737.4396,N,14059.5895,E,21.5,A,1.0,1*62
$BGRDD,003,2012-07-01T01:29:08Z,70,13,3168,A,3737.4084,N,14059.6393,E,22.3,A,1.2,1*52
$BGRDD,003,2012-07-01T01:29:13Z,70,6,3174,A,3737.3786,N,14059.6848,E,22.0,A,1.2,1*6d
$BGRDD,003,2012-07-01T01:29:18Z,72,4,3178,A,3737.3505,N,14059.7252,E,24.5,A,1.0,1*62
$BGRDD,003,2012-07-01T01:29:23Z,76,8,3186,A,3737.3216,N,14059.7643,E,26.7,A,1.0,1*62
$BGRDD,003,2012-07-01T01:29:28Z,75,6,3192,A,3737.2939,N,14059.8001,E,27.4,A,1.0,1*6b
$BGRDD,003,2012-07-01T01:29:33Z,75,3,3195,A,3737.2645,N,14059.8350,E,26.9,A,1.0,1*6c
$BGRDD,003,2012-07-01T01:29:38Z,73,4,3199,A,3737.2362,N,14059.8692,E,26.3,A,1.0,1*6b
$BGRDD,003,2012-07-01T01:29:43Z,64,0,3199,A,3737.2178,N,14059.8920,E,28.7,A,1.0,1*60
$BGRDD,003,2012-07-01T01:29:48Z,65,4,3203,A,3737.2080,N,14059.9031,E,30.2,A,1.0,1*6c
$BGRDD,003,2012-07-01T01:29:52Z,66,6,3209,A,3737.2058,N,14059.9053,E,31.0,A,1.0,1*6e
$BGRDD,003,2012-07-01T01:29:57Z,66,7,3216,A,3737.2057,N,14059.9053,E,31.0,A,0.8,1*62
$BGRDD,003,2012-07-01T01:30:02Z,67,6,3222,A,3737.2057,N,14059.9054,E,31.0,A,1.2,1*61
$BGRDD,003,2012-07-01T01:30:07Z,61,7,3229,A,3737.2057,N,14059.9054,E,31.0,A,0.8,1*63
$BGRDD,003,2012-07-01T01:30:12Z,64,9,3238,A,3737.2057,N,14059.9054,E,31.0,A,0.8,1*6c
$BGRDD,003,2012-07-01T01:30:17Z,68,8,3246,A,3737.2057,N,14059.9054,E,31.0,A,0.8,1*6d
$BGRDD,003,2012-07-01T01:30:22Z,65,5,3251,A,3737.2057,N,14059.9054,E,31.0,A,0.8,1*6d
$BGRDD,003,2012-07-01T01:30:27Z,63,4,3255,A,3737.2055,N,14059.9055,E,30.4,A,0.8,1*6d
$BGRDD,003,2012-07-01T01:30:32Z,67,7,3262,A,3737.1916,N,14059.9229,E,30.6,A,0.8,1*6c
$BGRDD,003,2012-07-01T01:30:37Z,70,7,3269,A,3737.1703,N,14059.9483,E,30.2,A,0.8,1*6c
$BGRDD,003,2012-07-01T01:30:42Z,75,5,3274,A,3737.1462,N,14059.9751,E,32.4,A,1.0,1*60
$BGRDD,003,2012-07-01T01:30:47Z,74,3,3277,A,3737.1231,N,14100.0023,E,34.3,A,0.8,1*6f
$BGRDD,003,2012-07-01T01:30:52Z,75,7,3284,A,3737.0980,N,14100.0284,E,32.7,A,1.1,1*67
$BGRDD,003,2012-07-01T01:30:57Z,70,2,3286,A,3737.0706,N,14100.0525,E,32.9,A,1.0,1*63
$BGRDD,003,2012-07-01T01:31:02Z,71,7,3293,A,3737.0402,N,14100.0760,E,31.5,A,1.0,1*69
$BGRDD,003,2012-07-01T01:31:07Z,67,3,3296,A,3737.0063,N,14100.0989,E,29.7,A,1.0,1*6b
$BGRDD,003,2012-07-01T01:31:12Z,64,6,3302,A,3736.9732,N,14100.1218,E,28.2,A,0.8,1*61
$BGRDD,003,2012-07-01T01:31:17Z,62,6,3308,A,3736.9414,N,14100.1448,E,27.7,A,1.0,1*6f
$BGRDD,003,2012-07-01T01:31:22Z,61,4,3312,A,3736.9101,N,14100.1665,E,25.9,A,0.8,1*6a
$BGRDD,003,2012-07-01T01:31:27Z,59,2,3314,A,3736.8782,N,14100.1885,E,24.4,A,0.8,1*64
$BGRDD,003,2012-07-01T01:31:32Z,54,2,3316,A,3736.8456,N,14100.2119,E,23.0,A,0.8,1*69
$BGRDD,003,2012-07-01T01:31:37Z,58,11,3327,A,3736.8136,N,14100.2356,E,25.2,A,0.8,1*5e
$BGRDD,003,2012-07-01T01:31:42Z,54,1,3328,A,3736.7810,N,14100.2590,E,25.6,A,0.8,1*64
$BGRDD,003,2012-07-01T01:31:47Z,52,1,3329,A,3736.7479,N,14100.2821,E,26.3,A,0.8,1*64
$BGRDD,003,2012-07-01T01:31:52Z,47,2,3331,A,3736.7152,N,14100.3047,E,24.0,A,1.3,1*60
$BGRDD,003,2012-07-01T01:31:57Z,54,9,3340,A,3736.6833,N,14100.3251,E,22.1,A,1.4,1*60
$BGRDD,003,2012-07-01T01:32:02Z,55,8,3348,A,3736.6503,N,14100.3469,E,21.9,A,1.5,1*62
$BGRDD,003,2012-07-01T01:32:07Z,57,5,3353,A,3736.6169,N,14100.3686,E,18.0,A,1.3,1*6c
$BGRDD,003,2012-07-01T01:32:12Z,59,8,3361,A,3736.5862,N,14100.3891,E,16.3,A,1.4,1*69
$BGRDD,003,2012-07-01T01:32:17Z,57,4,3365,A,3736.5540,N,14100.4050,E,13.9,A,1.1,1*6f
$BGRDD,003,2012-07-01T01:32:22Z,57,4,3369,A,3736.5168,N,14100.4175,E,15.0,A,1.1,1*62
$BGRDD,003,2012-07-01T01:32:27Z,58,3,3372,A,3736.4716,N,14100.4259,E,13.0,A,1.1,1*60
$BGRDD,003,2012-07-01T01:32:32Z,59,3,3375,A,3736.4258,N,14100.4253,E,11.9,A,1.1,1*6c
$BGRDD,003,2012-07-01T01:32:37Z,52,4,3379,A,3736.3780,N,14100.4171,E,11.5,A,1.2,1*62
$BGRDD,003,2012-07-01T01:32:42Z,57,6,3385,A,3736.3307,N,14100.3995,E,14.9,A,1.1,1*60
$BGRDD,003,2012-07-01T01:32:47Z,62,6,3391,A,3736.2866,N,14100.3801,E,14.5,A,1.1,1*6b
$BGRDD,003,2012-07-01T01:32:52Z,70,10,3401,A,3736.2452,N,14100.3608,E,15.7,A,1.1,1*5a
$BGRDD,003,2012-07-01T01:32:57Z,68,7,3408,A,3736.2047,N,14100.3424,E,16.5,A,1.1,1*64
$BGRDD,003,2012-07-01T01:33:02Z,66,6,3414,A,3736.1623,N,14100.3234,E,17.4,A,1.1,1*67
$BGRDD,003,2012-07-01T01:33:07Z,68,7,3421,A,3736.1191,N,14100.3033,E,16.7,A,1.1,1*62
$BGRDD,003,2012-07-01T01:33:12Z,67,7,3428,A,3736.0744,N,14100.2833,E,17.3,A,1.1,1*63
$BGRDD,003,2012-07-01T01:33:17Z,68,5,3433,A,3736.0294,N,14100.2627,E,15.8,A,1.1,1*6b
$BGRDD,003,2012-07-01T01:33:22Z,67,3,3436,A,3735.9837,N,14100.2415,E,14.4,A,1.1,1*66
$BGRDD,003,2012-07-01T01:33:26Z,69,5,3441,A,3735.9469,N,14100.2251,E,14.8,A,1.1,1*67
$BGRDD,003,2012-07-01T01:33:31Z,72,6,3447,A,3735.9008,N,14100.2085,E,15.2,A,1.1,1*6d
$BGRDD,003,2012-07-01T01:33:36Z,78,10,3457,A,3735.8539,N,14100.2015,E,16.7,A,1.1,1*5f
$BGRDD,003,2012-07-01T01:33:41Z,75,3,3460,A,3735.8061,N,14100.1978,E,17.7,A,1.1,1*6c
$BGRDD,003,2012-07-01T01:33:46Z,76,7,3467,A,3735.7574,N,14100.1947,E,19.5,A,1.1,1*65
$BGRDD,003,2012-07-01T01:33:51Z,72,6,3473,A,3735.7078,N,14100.1927,E,19.1,A,1.3,1*6a
$BGRDD,003,2012-07-01T01:33:56Z,69,4,3477,A,3735.6602,N,14100.2001,E,17.7,A,1.1,1*6f
$BGRDD,003,2012-07-01T01:34:01Z,68,5,3482,A,3735.6150,N,14100.2177,E,16.4,A,1.1,1*62
$BGRDD,003,2012-07-01T01:34:06Z,66,5,3487,A,3735.5700,N,14100.2391,E,16.1,A,1.1,1*61
$BGRDD,003,2012-07-01T01:34:11Z,66,7,3494,A,3735.5270,N,14100.2604,E,13.8,A,1.1,1*60
$BGRDD,003,2012-07-01T01:34:16Z,71,10,3504,A,3735.4856,N,14100.2804,E,14.9,A,1.1,1*58
$BGRDD,003,2012-07-01T01:34:21Z,78,10,3514,A,3735.4447,N,14100.2995,E,13.0,A,1.1,1*5f
$BGRDD,003,2012-07-01T01:34:26Z,79,6,3520,A,3735.4048,N,14100.3211,E,13.3,A,1.1,1*67
$BGRDD,003,2012-07-01T01:34:31Z,80,7,3527,A,3735.3659,N,14100.3466,E,13.6,A,1.1,1*63
$BGRDD,003,2012-07-01T01:34:36Z,77,7,3534,A,3735.3276,N,14100.3753,E,14.6,A,1.1,1*65
$BGRDD,003,2012-07-01T01:34:41Z,82,8,3542,A,3735.2907,N,14100.4062,E,13.4,A,1.2,1*69
$BGRDD,003,2012-07-01T01:34:46Z,82,7,3549,A,3735.2527,N,14100.4372,E,14.2,A,1.1,1*64
$BGRDD,003,2012-07-01T01:34:51Z,82,6,3555,A,3735.2153,N,14100.4675,E,15.1,A,1.2,1*6a
$BGRDD,003,2012-07-01T01:34:56Z,83,5,3560,A,3735.1780,N,14100.4929,E,15.8,A,1.4,1*6b
$BGRDD,003,2012-07-01T01:35:01Z,81,3,3563,A,3735.1389,N,14100.5158,E,16.3,A,1.1,1*60
$BGRDD,003,2012-07-01T01:35:06Z,77,1,3564,A,3735.0995,N,14100.5337,E,18.7,A,1.1,1*6c
$BGRDD,003,2012-07-01T01:35:11Z,75,5,3569,A,3735.0589,N,14100.5466,E,20.2,A,1.1,1*6d
$BGRDD,003,2012-07-01T01:35:16Z,71,6,3575,A,3735.0166,N,14100.5568,E,21.7,A,1.1,1*6e
$BGRDD,003,2012-07-01T01:35:21Z,64,3,3578,A,3734.9738,N,14100.5646,E,21.6,A,1.1,1*6d
$BGRDD,003,2012-07-01T01:35:26Z,63,5,3583,A,3734.9296,N,14100.5714,E,20.8,A,1.2,1*64
$BGRDD,003,2012-07-01T01:35:31Z,68,12,3595,A,3734.8849,N,14100.5757,E,19.5,A,1.1,1*52
$BGRDD,003,2012-07-01T01:35:36Z,68,7,3602,A,3734.8417,N,14100.5813,E,17.7,A,1.1,1*68
$BGRDD,003,2012-07-01T01:35:41Z,67,7,3609,A,3734.7999,N,14100.5863,E,16.2,A,1.1,1*6b
$BGRDD,003,2012-07-01T01:35:46Z,64,4,3613,A,3734.7564,N,14100.5911,E,15.3,A,1.5,1*6b
$BGRDD,003,2012-07-01T01:35:51Z,63,5,3618,A,3734.7112,N,14100.5928,E,14.2,A,1.1,1*6b
$BGRDD,003,2012-07-01T01:35:56Z,62,4,3622,A,3734.6646,N,14100.5863,E,14.0,A,1.1,1*6e
$BGRDD,003,2012-07-01T01:36:01Z,64,5,3627,A,3734.6194,N,14100.5726,E,14.0,A,1.1,1*6b
$BGRDD,003,2012-07-01T01:36:06Z,65,2,3629,A,3734.5784,N,14100.5516,E,16.3,A,1.2,1*63
$BGRDD,003,2012-07-01T01:36:11Z,64,4,3633,A,3734.5403,N,14100.5269,E,18.2,A,1.2,1*65
$BGRDD,003,2012-07-01T01:36:16Z,65,7,3640,A,3734.5039,N,14100.4980,E,22.4,A,1.3,1*6a
$BGRDD,003,2012-07-01T01:36:21Z,68,6,3646,A,3734.4673,N,14100.4702,E,24.8,A,1.2,1*62
$BGRDD,003,2012-07-01T01:36:26Z,70,7,3653,A,3734.4259,N,14100.4443,E,27.7,A,1.8,1*65
$BGRDD,003,2012-07-01T01:36:31Z,63,5,3658,A,3734.3904,N,14100.4056,E,25.8,A,1.8,1*61
$BGRDD,003,2012-07-01T01:36:36Z,61,5,3663,A,3734.3505,N,14100.3706,E,29.3,A,1.3,1*68
$BGRDD,003,2012-07-01T01:36:41Z,56,2,3665,A,3734.3112,N,14100.3365,E,31.6,A,1.3,1*62
$BGRDD,003,2012-07-01T01:36:45Z,59,7,3672,A,3734.2781,N,14100.3125,E,33.9,A,1.3,1*6c
$BGRDD,003,2012-07-01T01:36:50Z,60,6,3678,A,3734.2365,N,14100.2854,E,31.2,A,1.2,1*61
$BGRDD,003,2012-07-01T01:36:55Z,63,7,3685,A,3734.1916,N,14100.2644,E,31.3,A,1.2,1*67
$BGRDD,003,2012-07-01T01:37:00Z,65,7,3692,A,3734.1473,N,14100.2446,E,34.4,A,1.2,1*6a
$BGRDD,003,2012-07-01T01:37:05Z,68,5,3697,A,3734.1016,N,14100.2283,E,35.0,A,1.2,1*68
$BGRDD,003,2012-07-01T01:37:10Z,69,5,3702,A,3734.0560,N,14100.2150,E,35.4,A,1.2,1*6c
$BGRDD,003,2012-07-01T01:37:15Z,69,7,3709,A,3734.0188,N,14100.2066,E,30.1,A,1.1,1*65
$BGRDD,003,2012-07-01T01:37:20Z,69,6,3715,A,3733.9801,N,14100.1947,E,27.7,A,1.1,1*60
$BGRDD,003,2012-07-01T01:37:25Z,69,7,3722,A,3733.9397,N,14100.1832,E,27.8,A,1.1,1*68
$BGRDD,003,2012-07-01T01:37:30Z,70,6,3728,A,3733.8968,N,14100.1701,E,27.2,A,1.1,1*61
$BGRDD,003,2012-07-01T01:37:35Z,68,3,3731,A,3733.8521,N,14100.1575,E,22.9,A,1.1,1*6e
$BGRDD,003,2012-07-01T01:37:40Z,73,7,3738,A,3733.8082,N,14100.1426,E,21.8,A,1.1,1*62
$BGRDD,003,2012-07-01T01:37:45Z,70,4,3742,A,3733.7656,N,14100.1310,E,24.6,A,1.1,1*63
$BGRDD,003,2012-07-01T01:37:50Z,67,3,3745,A,3733.7268,N,14100.1223,E,21.0,A,1.1,1*6a
$BGRDD,003,2012-07-01T01:37:55Z,67,7,3752,A,3733.6858,N,14100.1202,E,22.5,A,1.1,1*60
$BGRDD,003,2012-07-01T01:38:00Z,64,4,3756,A,3733.6441,N,14100.1274,E,22.6,A,1.1,1*6d
$BGRDD,003,2012-07-01T01:38:05Z,66,7,3763,A,3733.6033,N,14100.1407,E,20.2,A,1.1,1*6a
$BGRDD,003,2012-07-01T01:38:10Z,67,6,3769,A,3733.5677,N,14100.1565,E,17.5,A,1.1,1*67
$BGRDD,003,2012-07-01T01:38:15Z,64,4,3773,A,3733.5309,N,14100.1757,E,15.0,A,1.1,1*60
$BGRDD,003,2012-07-01T01:38:20Z,63,5,3778,A,3733.4931,N,14100.1962,E,12.1,A,1.1,1*65
$BGRDD,003,2012-07-01T01:38:25Z,62,6,3784,A,3733.4555,N,14100.2183,E,11.2,A,1.1,1*6b
$BGRDD,003,2012-07-01T01:38:30Z,57,1,3785,A,3733.4182,N,14100.2393,E,10.3,A,1.1,1*62
$BGRDD,003,2012-07-01T01:38:35Z,58,4,3789,A,3733.3823,N,14100.2604,E,9.0,A,1.1,1*54
$BGRDD,003,2012-07-01T01:38:40Z,54,3,3792,A,3733.3494,N,14100.2801,E,7.9,A,1.1,1*5b
$BGRDD,003,2012-07-01T01:38:45Z,53,3,3795,A,3733.3284,N,14100.2919,E,9.3,A,1.1,1*55
$BGRDD,003,2012-07-01T01:38:50Z,55,5,3800,A,3733.3239,N,14100.2940,E,9.1,A,1.1,1*5a
$BGRDD,003,2012-07-01T01:38:55Z,50,2,3802,A,3733.3238,N,14100.2941,E,9.1,A,1.1,1*5f
$BGRDD,003,2012-07-01T01:39:00Z,50,4,3806,A,3733.3238,N,14100.2941,E,9.1,A,0.9,1*55
$BGRDD,003,2012-07-01T01:39:05Z,47,4,3810,A,3733.3238,N,14100.2941,E,9.1,A,0.9,1*51
$BGRDD,003,2012-07-01T01:39:10Z,44,3,3813,A,3733.3238,N,14100.2941,E,9.1,A,1.1,1*5b
$BGRDD,003,2012-07-01T01:39:15Z,43,3,3816,A,3733.3238,N,14100.2941,E,9.1,A,1.1,1*5c
$BGRDD,003,2012-07-01T01:39:20Z,44,6,3822,A,3733.3137,N,14100.2996,E,8.6,A,1.1,1*5f
$BGRDD,003,2012-07-01T01:39:25Z,43,5,3827,A,3733.2895,N,14100.3149,E,9.4,A,0.8,1*5b
$BGRDD,003,2012-07-01T01:39:30Z,43,1,3828,A,3733.2588,N,14100.3315,E,12.0,A,0.8,1*60
$BGRDD,003,2012-07-01T01:39:35Z,45,6,3834,A,3733.2244,N,14100.3443,E,9.2,A,0.8,1*52
$BGRDD,003,2012-07-01T01:39:40Z,48,6,3840,A,3733.1875,N,14100.3555,E,9.7,A,0.8,1*56
$BGRDD,003,2012-07-01T01:39:45Z,55,10,3850,A,3733.1490,N,14100.3634,E,12.7,A,0.8,1*50
$BGRDD,003,2012-07-01T01:39:50Z,53,3,3853,A,3733.1083,N,14100.3676,E,13.9,A,1.0,1*65
$BGRDD,003,2012-07-01T01:39:55Z,59,8,3861,A,3733.0674,N,14100.3687,E,13.4,A,1.0,1*6c
$BGRDD,003,2012-07-01T01:39:59Z,60,5,3866,A,3733.0334,N,14100.3691,E,12.7,A,1.1,1*65
$BGRDD,003,2012-07-01T01:40:04Z,66,10,3876,A,3732.9913,N,14100.3695,E,14.5,A,1.0,1*56
$BGRDD,003,2012-07-01T01:40:09Z,75,12,3888,A,3732.9470,N,14100.3709,E,15.4,A,1.1,1*57
$BGRDD,003,2012-07-01T01:40:14Z,84,12,3900,A,3732.9005,N,14100.3712,E,14.6,A,1.2,1*58
$BGRDD,003,2012-07-01T01:40:19Z,87,9,3909,A,3732.8538,N,14100.3741,E,19.2,A,1.2,1*60
$BGRDD,003,2012-07-01T01:40:24Z,86,4,3913,A,3732.8114,N,14100.3842,E,16.9,A,1.0,1*69
$BGRDD,003,2012-07-01T01:40:29Z,94,9,3922,A,3732.7725,N,14100.3967,E,13.4,A,0.8,1*64
$BGRDD,003,2012-07-01T01:40:34Z,92,4,3926,A,3732.7333,N,14100.4087,E,11.9,A,1.0,1*62
$BGRDD,003,2012-07-01T01:40:39Z,90,4,3930,A,3732.6924,N,14100.4201,E,13.1,A,1.0,1*61
$BGRDD,003,2012-07-01T01:40:44Z,89,9,3939,A,3732.6488,N,14100.4322,E,14.7,A,1.0,1*6d
$BGRDD,003,2012-07-01T01:40:49Z,89,3,3942,A,3732.6039,N,14100.4456,E,14.0,A,1.0,1*6b
$BGRDD,003,2012-07-01T01:40:54Z,84,3,3945,A,3732.5596,N,14100.4575,E,14.7,A,1.0,1*69
$BGRDD,003,2012-07-01T01:40:59Z,84,5,3950,A,3732.5166,N,14100.4619,E,16.1,A,1.0,1*60
$BGRDD,003,2012-07-01T01:41:04Z,80,6,3956,A,3732.4754,N,14100.4567,E,15.9,A,1.0,1*6f
$BGRDD,003,2012-07-01T01:41:09Z,71,3,3959,A,3732.4349,N,14100.4457,E,15.4,A,1.0,1*61
$BGRDD,003,2012-07-01T01:41:14Z,65,6,3965,A,3732.3948,N,14100.4309,E,13.9,A,1.0,1*69
$BGRDD,003,2012-07-01T01:41:19Z,62,6,3971,A,3732.3531,N,14100.4109,E,13.3,A,1.1,1*6d
$BGRDD,003,2012-07-01T01:41:24Z,63,5,3976,A,3732.3123,N,14100.3915,E,12.6,A,1.0,1*66
$BGRDD,003,2012-07-01T01:41:29Z,59,5,3981,A,3732.2725,N,14100.3682,E,13.0,A,1.1,1*6c
$BGRDD,003,2012-07-01T01:41:34Z,64,9,3990,A,3732.2364,N,14100.3414,E,12.6,A,1.1,1*69
$BGRDD,003,2012-07-01T01:41:39Z,66,6,3996,A,3732.2036,N,14100.3116,E,14.0,A,1.1,1*6c
$BGRDD,003,2012-07-01T01:41:44Z,64,7,4003,A,3732.1732,N,14100.2773,E,16.9,A,1.2,1*6b
$BGRDD,003,2012-07-01T01:41:49Z,66,5,4008,A,3732.1447,N,14100.2399,E,17.9,A,1.1,1*6e
$BGRDD,003,2012-07-01T01:41:54Z,68,5,4013,A,3732.1148,N,14100.2040,E,20.3,A,1.2,1*66
$BGRDD,003,2012-07-01T01:41:59Z,71,8,4021,A,3732.0832,N,14100.1701,E,23.4,A,1.1,1*6c
$BGRDD,003,2012-07-01T01:42:04Z,69,4,4025,A,3732.0477,N,14100.1435,E,28.6,A,1.2,1*65
$BGRDD,003,2012-07-01T01:42:09Z,69,3,4028,A,3732.0077,N,14100.1282,E,30.8,A,1.2,1*6b
$BGRDD,003,2012-07-01T01:42:14Z,69,6,4034,A,3731.9647,N,14100.1189,E,34.7,A,1.2,1*63
$BGRDD,003,2012-07-01T01:42:19Z,68,5,4039,A,3731.9199,N,14100.1220,E,41.0,A,7.0,1*64
$BGRDD,003,2012-07-01T01:42:24Z,70,7,4046,A,3731.8842,N,14100.1344,E,41.1,A,1.7,1*64
$BGRDD,003,2012-07-01T01:42:29Z,71,6,4052,A,3731.8410,N,14100.1562,E,34.2,A,1.5,1*66
$BGRDD,003,2012-07-01T01:42:34Z,71,9,4061,A,3731.7979,N,14100.1720,E,28.6,A,1.2,1*62
$BGRDD,003,2012-07-01T01:42:39Z,77,12,4073,A,3731.7573,N,14100.1775,E,25.6,A,1.5,1*5c
$BGRDD,003,2012-07-01T01:42:44Z,75,5,4078,A,3731.7170,N,14100.1743,E,26.6,A,54.8,1*55
$BGRDD,003,2012-07-01T01:42:49Z,75,5,4083,A,3731.6745,N,14100.1584,E,31.7,A,1.5,1*6e
$BGRDD,003,2012-07-01T01:42:54Z,79,9,4092,A,3731.6292,N,14100.1269,E,36.0,A,1.3,1*6f
$BGRDD,003,2012-07-01T01:42:59Z,72,1,4093,A,3731.5965,N,14100.0967,E,34.3,A,0.8,1*6f
$BGRDD,003,2012-07-01T01:43:04Z,70,2,4095,A,3731.5658,N,14100.0598,E,30.8,A,0.8,1*63
$BGRDD,003,2012-07-01T01:43:09Z,75,8,4103,A,3731.5344,N,14100.0218,E,28.3,A,0.8,1*6a
$BGRDD,003,2012-07-01T01:43:14Z,73,4,4107,A,3731.5047,N,14059.9856,E,25.5,A,0.8,1*67
$BGRDD,003,2012-07-01T01:43:19Z,74,6,4113,A,3731.4748,N,14059.9551,E,26.6,A,1.0,1*60
$BGRDD,003,2012-07-01T01:43:24Z,72,5,4118,A,3731.4472,N,14059.9294,E,25.3,A,0.8,1*6b
$BGRDD,003,2012-07-01T01:43:29Z,70,4,4122,A,3731.4168,N,14059.9084,E,27.4,A,1.1,1*6c
$BGRDD,003,2012-07-01T01:43:33Z,66,5,4127,A,3731.3906,N,14059.8939,E,26.7,A,1.1,1*6f
$BGRDD,003,2012-07-01T01:43:38Z,55,1,4128,A,3731.3547,N,14059.8791,E,25.1,A,0.8,1*67
$BGRDD,003,2012-07-01T01:43:43Z,61,11,4139,A,3731.3187,N,14059.8693,E,25.6,A,0.8,1*51
$BGRDD,003,2012-07-01T01:43:48Z,60,4,4143,A,3731.2817,N,14059.8628,E,23.2,A,0.8,1*61
$BGRDD,003,2012-07-01T01:43:53Z,53,2,4145,A,3731.2453,N,14059.8611,E,23.2,A,1.0,1*64
$BGRDD,003,2012-07-01T01:43:58Z,58,6,4151,A,3731.2090,N,14059.8645,E,19.3,A,1.0,1*67
$BGRDD,003,2012-07-01T01:44:03Z,60,4,4155,A,3731.1705,N,14059.8676,E,20.8,A,1.0,1*6a
$BGRDD,003,2012-07-01T01:44:08Z,56,4,4159,A,3731.1461,N,14059.8674,E,18.2,A,1.0,1*6a
$BGRDD,003,2012-07-01T01:44:13Z,57,5,4164,A,3731.1490,N,14059.8483,E,17.8,A,1.0,1*6f
$BGRDD,003,2012-07-01T01:44:18Z,54,3,4167,A,3731.1714,N,14059.8298,E,21.2,A,1.1,1*6f
$BGRDD,003,2012-07-01T01:44:23Z,52,3,4170,A,3731.2037,N,14059.8080,E,18.9,A,1.0,1*69
$BGRDD,003,2012-07-01T01:44:28Z,56,8,4178,A,3731.2215,N,14059.7770,E,24.0,A,1.0,1*66
$BGRDD,003,2012-07-01T01:44:33Z,58,7,4185,A,3731.2269,N,14059.7409,E,22.3,A,1.0,1*6c
$BGRDD,003,2012-07-01T01:44:38Z,63,6,4191,A,3731.2303,N,14059.7014,E,20.7,A,1.0,1*68
$BGRDD,003,2012-07-01T01:44:43Z,56,4,4195,A,3731.2358,N,14059.6593,E,20.3,A,1.0,1*65
$BGRDD,003,2012-07-01T01:44:48Z,58,6,4201,A,3731.2414,N,14059.6179,E,18.5,A,1.0,1*6e
$BGRDD,003,2012-07-01T01:44:53Z,62,6,4207,A,3731.2454,N,14059.5797,E,13.8,A,1.0,1*6c
$BGRDD,003,2012-07-01T01:44:58Z,59,3,4210,A,3731.2505,N,14059.5376,E,11.7,A,1.0,1*6f
$BGRDD,003,2012-07-01T01:45:03Z,65,10,4220,A,3731.2591,N,14059.4992,E,9.6,A,1.0,1*6a
$BGRDD,003,2012-07-01T01:45:08Z,71,10,4230,A,3731.2834,N,14059.4781,E,14.2,A,1.0,1*53
$BGRDD,003,2012-07-01T01:45:13Z,73,7,4237,A,3731.3108,N,14059.4552,E,10.0,A,1.0,1*67
$BGRDD,003,2012-07-01T01:45:18Z,81,11,4248,A,3731.3335,N,14059.4261,E,6.0,A,1.0,1*62
$BGRDD,003,2012-07-01T01:45:23Z,84,6,4254,A,3731.3398,N,14059.4001,E,7.0,A,1.0,1*56
$BGRDD,003,2012-07-01T01:45:28Z,84,8,4262,A,3731.3354,N,14059.3723,E,6.2,A,1.0,1*55
$BGRDD,003,2012-07-01T01:45:33Z,89,12,4274,A,3731.3284,N,14059.3362,E,5.6,A,1.0,1*64
$BGRDD,003,2012-07-01T01:45:38Z,89,6,4280,A,3731.3220,N,14059.2981,E,8.2,A,1.0,1*50
$BGRDD,003,2012-07-01T01:45:43Z,94,9,4289,A,3731.3243,N,14059.2604,E,10.2,A,1.0,1*68
$BGRDD,003,2012-07-01T01:45:48Z,92,4,4293,A,3731.3317,N,14059.2220,E,8.4,A,1.0,1*5e
$BGRDD,003,2012-07-01T01:45:53Z,90,4,4297,A,3731.3469,N,14059.1872,E,10.6,A,1.0,1*69
$BGRDD,003,2012-07-01T01:45:58Z,96,9,4306,A,3731.3645,N,14059.1532,E,10.2,A,1.0,1*61
$BGRDD,003,2012-07-01T01:46:03Z,92,6,4312,A,3731.3866,N,14059.1308,E,11.9,A,1.0,1*68
$BGRDD,003,2012-07-01T01:46:08Z,96,14,4326,A,3731.4160,N,14059.1328,E,10.4,A,1.0,1*55
$BGRDD,003,2012-07-01T01:46:13Z,100,11,4337,A,3731.4501,N,14059.1359,E,10.9,A,1.0,1*6c
$BGRDD,003,2012-07-01T01:46:18Z,93,4,4341,A,3731.4839,N,14059.1387,E,12.7,A,1.0,1*60
$BGRDD,003,2012-07-01T01:46:23Z,90,3,4344,A,3731.5102,N,14059.1354,E,14.5,A,1.0,1*63
$BGRDD,003,2012-07-01T01:46:28Z,92,10,4354,A,3731.5317,N,14059.1186,E,14.6,A,1.0,1*51
$BGRDD,003,2012-07-01T01:46:33Z,85,5,4359,A,3731.5486,N,14059.0875,E,15.8,A,1.0,1*60
$BGRDD,003,2012-07-01T01:46:38Z,90,11,4370,A,3731.5557,N,14059.0716,E,12.5,A,1.0,1*5c
$BGRDD,003,2012-07-01T01:46:43Z,93,12,4382,A,3731.5652,N,14059.0524,E,10.8,A,1.1,1*56
$BGRDD,003,2012-07-01T01:46:48Z,97,8,4390,A,3731.5767,N,14059.0224,E,11.0,A,1.5,1*6c
$BGRDD,003,2012-07-01T01:46:53Z,105,12,4402,A,3731.5813,N,14058.9865,E,8.9,A,1.1,1*55
$BGRDD,003,2012-07-01T01:46:58Z,108,12,4414,A,3731.5820,N,14058.9503,E,11.3,A,1.0,1*6a
$BGRDD,003,2012-07-01T01:47:03Z,109,7,4421,A,3731.5946,N,14058.9247,E,15.7,A,1.2,1*52
$BGRDD,003,2012-07-01T01:47:08Z,99,4,4425,A,3731.6125,N,14058.9043,E,16.2,A,1.1,1*6b
$BGRDD,003,2012-07-01T01:47:13Z,102,14,4439,A,3731.6132,N,14058.8704,E,16.0,A,1.1,1*6f
$BGRDD,003,2012-07-01T01:47:18Z,106,8,4447,A,3731.6130,N,14058.8297,E,16.9,A,1.1,1*50
$BGRDD,003,2012-07-01T01:47:23Z,112,9,4456,A,3731.6154,N,14058.7863,E,17.3,A,1.1,1*5b
$BGRDD,003,2012-07-01T01:47:27Z,114,12,4468,A,3731.6170,N,14058.7498,E,17.0,A,1.1,1*63
$BGRDD,003,2012-07-01T01:47:32Z,116,7,4475,A,3731.6198,N,14058.7032,E,16.7,A,1.1,1*59
$BGRDD,003,2012-07-01T01:47:37Z,118,13,4488,A,3731.6301,N,14058.6615,E,16.9,A,1.1,1*6b
$BGRDD,003,2012-07-01T01:47:42Z,119,13,4501,A,3731.6471,N,14058.6241,E,18.5,A,1.1,1*6f
$BGRDD,003,2012-07-01T01:47:47Z,123,12,4513,A,3731.6675,N,14058.5834,E,23.2,A,1.1,1*63
$BGRDD,003,2012-07-01T01:47:52Z,125,14,4527,A,3731.6820,N,14058.5371,E,23.5,A,1.1,1*63
$BGRDD,003,2012-07-01T01:47:57Z,126,13,4540,A,3731.6898,N,14058.4885,E,25.9,A,1.1,1*6b
$BGRDD,003,2012-07-01T01:48:02Z,130,11,4551,A,3731.6956,N,14058.4416,E,26.5,A,1.2,1*68
$BGRDD,003,2012-07-01T01:48:07Z,139,13,4564,A,3731.6893,N,14058.3971,E,29.3,A,1.2,1*6a
$BGRDD,003,2012-07-01T01:48:12Z,141,16,4580,A,3731.6713,N,14058.3593,E,27.3,A,1.2,1*67
$BGRDD,003,2012-07-01T01:48:17Z,146,13,4593,A,3731.6648,N,14058.3266,E,23.4,A,1.2,1*63
$BGRDD,003,2012-07-01T01:48:22Z,154,17,4610,A,3731.6662,N,14058.2955,E,27.7,A,1.2,1*6f
$BGRDD,003,2012-07-01T01:48:27Z,159,17,4627,A,3731.6790,N,14058.2611,E,26.5,A,1.1,1*60
$BGRDD,003,2012-07-01T01:48:32Z,164,12,4639,A,3731.6926,N,14058.2231,E,26.4,A,1.1,1*64
$BGRDD,003,2012-07-01T01:48:37Z,161,10,4649,A,3731.6992,N,14058.1818,E,26.9,A,1.0,1*60
$BGRDD,003,2012-07-01T01:48:42Z,165,17,4666,A,3731.6967,N,14058.1372,E,25.5,A,1.2,1*6c
$BGRDD,003,2012-07-01T01:48:47Z,166,13,4679,A,3731.6976,N,14058.0966,E,23.2,A,2.1,1*6f
$BGRDD,003,2012-07-01T01:48:52Z,167,15,4694,A,3731.6945,N,14058.0576,E,25.6,A,2.1,1*60
$BGRDD,003,2012-07-01T01:48:57Z,180,26,4720,A,3731.6894,N,14058.0148,E,23.2,A,2.1,1*64
$BGRDD,003,2012-07-01T01:49:02Z,190,21,4741,A,3731.6841,N,14057.9712,E,24.9,A,1.3,1*6e
$BGRDD,003,2012-07-01T01:49:07Z,196,19,4760,A,3731.6871,N,14057.9306,E,25.8,A,1.2,1*66
$BGRDD,003,2012-07-01T01:49:12Z,204,24,4784,A,3731.6856,N,14057.8889,E,25.8,A,1.2,1*66
$BGRDD,003,2012-07-01T01:49:17Z,202,11,4795,A,3731.6760,N,14057.8535,E,28.6,A,1.2,1*60
$BGRDD,003,2012-07-01T01:49:22Z,206,21,4816,A,3731.6585,N,14057.8246,E,29.4,A,1.2,1*6c
$BGRDD,003,2012-07-01T01:49:27Z,206,17,4833,A,3731.6354,N,14057.7984,E,32.0,A,1.2,1*65
$BGRDD,003,2012-07-01T01:49:32Z,220,26,4859,A,3731.6154,N,14057.7720,E,32.3,A,1.2,1*6a
$BGRDD,003,2012-07-01T01:49:37Z,236,26,4885,A,3731.6104,N,14057.7309,E,32.4,A,1.2,1*64
$BGRDD,003,2012-07-01T01:49:42Z,237,18,4903,A,3731.6067,N,14057.6861,E,33.6,A,1.2,1*66
$BGRDD,003,2012-07-01T01:49:47Z,251,27,4930,A,3731.6034,N,14057.6395,E,34.8,A,1.2,1*60
$BGRDD,003,2012-07-01T01:49:52Z,262,26,4956,A,3731.6026,N,14057.5947,E,38.5,A,1.2,1*61
$BGRDD,003,2012-07-01T01:49:57Z,269,33,4989,A,3731.6168,N,14057.5602,E,39.5,A,2.1,1*6d
$BGRDD,003,2012-07-01T01:50:02Z,279,31,5020,A,3731.6368,N,14057.5237,E,44.5,A,2.1,1*67
$BGRDD,003,2012-07-01T01:50:07Z,308,48,5068,A,3731.6438,N,14057.4800,E,51.3,A,2.1,1*68
$BGRDD,003,2012-07-01T01:50:12Z,314,30,5098,A,3731.6363,N,14057.4411,E,54.0,A,1.2,1*62
$BGRDD,003,2012-07-01T01:50:17Z,330,27,5125,A,3731.6288,N,14057.4048,E,52.3,A,1.2,1*69
$BGRDD,003,2012-07-01T01:50:22Z,346,37,5162,A,3731.6324,N,14057.3663,E,52.5,A,1.2,1*65
$BGRDD,003,2012-07-01T01:50:27Z,360,31,5193,A,3731.6497,N,14057.3306,E,56.6,A,1.2,1*62
$BGRDD,003,2012-07-01T01:50:32Z,377,43,5236,A,3731.6683,N,14057.2918,E,60.5,A,2.1,1*6c
$BGRDD,003,2012-07-01T01:50:37Z,393,42,5278,A,3731.6917,N,14057.2661,E,63.4,A,2.1,1*69
$BGRDD,003,2012-07-01T01:50:41Z,422,47,5325,A,3731.6993,N,14057.2417,E,65.7,A,2.1,1*63
$BGRDD,003,2012-07-01T01:50:46Z,438,43,5368,A,3731.7025,N,14057.2127,E,58.8,A,1.2,1*60
$BGRDD,003,2012-07-01T01:50:51Z,454,42,5410,A,3731.7216,N,14057.1860,E,57.5,A,1.2,1*6c
$BGRDD,003,2012-07-01T01:50:56Z,472,51,5461,A,3731.7425,N,14057.1608,E,55.0,A,2.1,1*6a
$BGRDD,003,2012-07-01T01:51:01Z,482,41,5502,A,3731.7634,N,14057.1311,E,50.3,A,2.1,1*6a
$BGRDD,003,2012-07-01T01:51:06Z,469,35,5537,A,3731.7730,N,14057.0976,E,48.3,A,2.1,1*6b
$BGRDD,003,2012-07-01T01:51:11Z,478,39,5576,A,3731.7713,N,14057.0626,E,51.9,A,1.2,1*6d
$BGRDD,003,2012-07-01T01:51:16Z,494,43,5619,A,3731.7628,N,14057.0269,E,44.9,A,1.2,1*6d
$BGRDD,003,2012-07-01T01:51:21Z,505,48,5667,A,3731.7572,N,14056.9872,E,43.0,A,1.2,1*68
$BGRDD,003,2012-07-01T01:51:26Z,517,43,5710,A,3731.7528,N,14056.9450,E,47.3,A,1.2,1*62
$BGRDD,003,2012-07-01T01:51:31Z,524,50,5760,A,3731.7605,N,14056.9064,E,46.3,A,1.2,1*6f
$BGRDD,003,2012-07-01T01:51:36Z,529,47,5807,A,3731.7727,N,14056.8676,E,49.1,A,1.2,1*65
$BGRDD,003,2012-07-01T01:51:41Z,534,52,5859,A,3731.7916,N,14056.8348,E,54.7,A,4.2,1*6d
$BGRDD,003,2012-07-01T01:51:46Z,542,51,5910,A,3731.8203,N,14056.8102,E,58.2,A,2.1,1*64
$BGRDD,003,2012-07-01T01:51:51Z,557,57,5967,A,3731.8517,N,14056.7926,E,59.9,A,2.1,1*69
$BGRDD,003,2012-07-01T01:51:56Z,571,65,6032,A,3731.8846,N,14056.7737,E,56.2,A,2.1,1*62
$BGRDD,003,2012-07-01T01:52:01Z,601,71,6103,A,3731.9199,N,14056.7620,E,58.6,A,1.5,1*61
$BGRDD,003,2012-07-01T01:52:06Z,623,57,6160,A,3731.9520,N,14056.7604,E,60.4,A,1.3,1*68
$BGRDD,003,2012-07-01T01:52:11Z,624,40,6200,A,3731.9820,N,14056.7604,E,65.5,A,1.3,1*63
$BGRDD,003,2012-07-01T01:52:16Z,627,46,6246,A,3732.0129,N,14056.7531,E,69.8,A,1.3,1*6d
$BGRDD,003,2012-07-01T01:52:21Z,631,52,6298,A,3732.0432,N,14056.7384,E,70.0,A,1.3,1*6f
$BGRDD,003,2012-07-01T01:52:26Z,637,49,6347,A,3732.0751,N,14056.7233,E,71.7,A,1.3,1*6a
$BGRDD,003,2012-07-01T01:52:31Z,625,38,6385,A,3732.1069,N,14056.7079,E,71.3,A,1.3,1*62
$BGRDD,003,2012-07-01T01:52:36Z,610,32,6417,A,3732.1365,N,14056.6924,E,71.0,A,1.3,1*69
$BGRDD,003,2012-07-01T01:52:41Z,588,30,6447,A,3732.1420,N,14056.6705,E,70.8,A,1.3,1*6e
$BGRDD,003,2012-07-01T01:52:46Z,567,30,6477,A,3732.1292,N,14056.6387,E,68.9,A,1.5,1*64
$BGRDD,003,2012-07-01T01:52:51Z,552,42,6519,A,3732.1140,N,14056.5982,E,70.8,A,1.0,1*65
$BGRDD,003,2012-07-01T01:52:56Z,528,41,6560,A,3732.0991,N,14056.5584,E,72.1,A,1.0,1*66
$BGRDD,003,2012-07-01T01:53:01Z,503,46,6606,A,3732.0841,N,14056.5173,E,76.0,A,1.0,1*6d
$BGRDD,003,2012-07-01T01:53:06Z,485,39,6645,A,3732.0695,N,14056.4772,E,75.1,A,1.0,1*69
$BGRDD,003,2012-07-01T01:53:11Z,465,20,6665,A,3732.0574,N,14056.4408,E,79.7,A,4.4,1*62
$BGRDD,003,2012-07-01T01:53:16Z,455,36,6701,A,3732.0489,N,14056.4008,E,83.4,A,1.0,1*62
$BGRDD,003,2012-07-01T01:53:21Z,448,45,6746,A,3732.0416,N,14056.3583,E,83.2,A,1.0,1*6c
$BGRDD,003,2012-07-01T01:53:26Z,431,32,6778,A,3732.0398,N,14056.3275,E,82.2,A,1.0,1*66
$BGRDD,003,2012-07-01T01:53:31Z,415,22,6800,A,3732.0438,N,14056.3197,E,84.1,A,1.0,1*60
$BGRDD,003,2012-07-01T01:53:36Z,422,39,6839,A,3732.0647,N,14056.3200,E,82.0,A,1.1,1*62
$BGRDD,003,2012-07-01T01:53:41Z,435,43,6882,A,3732.0979,N,14056.3123,E,80.5,A,1.0,1*6f
$BGRDD,003,2012-07-01T01:53:46Z,442,37,6919,A,3732.1374,N,14056.2958,E,80.1,A,1.0,1*6f
$BGRDD,003,2012-07-01T01:53:51Z,447,47,6966,A,3732.1773,N,14056.2786,E,78.2,A,1.5,1*6c
$BGRDD,003,2012-07-01T01:53:56Z,447,41,7007,A,3732.2221,N,14056.2604,E,73.0,A,1.0,1*64
$BGRDD,003,2012-07-01T01:54:00Z,432,31,7038,A,3732.2567,N,14056.2436,E,72.6,A,1.0,1*68
$BGRDD,003,2012-07-01T01:54:05Z,432,39,7077,A,3732.3004,N,14056.2237,E,71.7,A,1.0,1*6a
$BGRDD,003,2012-07-01T01:54:10Z,437,25,7102,A,3732.3445,N,14056.2040,E,70.6,A,1.0,1*66
$BGRDD,003,2012-07-01T01:54:15Z,432,31,7133,A,3732.3875,N,14056.1833,E,73.1,A,1.0,1*65
$BGRDD,003,2012-07-01T01:54:20Z,409,22,7155,A,3732.4253,N,14056.1680,E,73.3,A,1.0,1*64
$BGRDD,003,2012-07-01T01:54:25Z,401,24,7179,A,3732.4624,N,14056.1817,E,68.2,A,1.0,1*6e
$BGRDD,003,2012-07-01T01:54:30Z,410,31,7210,A,3732.4968,N,14056.2115,E,70.3,A,1.0,1*65
$BGRDD,003,2012-07-01T01:54:35Z,401,30,7240,A,3732.5353,N,14056.2228,E,70.8,A,1.1,1*60
$BGRDD,003,2012-07-01T01:54:40Z,390,32,7272,A,3732.5763,N,14056.2211,E,73.7,A,1.0,1*6e
$BGRDD,003,2012-07-01T01:54:45Z,378,25,7297,A,3732.6174,N,14056.2172,E,72.0,A,1.0,1*63
$BGRDD,003,2012-07-01T01:54:50Z,357,26,7323,A,3732.6626,N,14056.2087,E,71.0,A,1.1,1*6e
$BGRDD,003,2012-07-01T01:54:55Z,334,18,7341,A,3732.7068,N,14056.1925,E,69.5,A,1.1,1*64
$BGRDD,003,2012-07-01T01:55:00Z,335,32,7373,A,3732.7495,N,14056.1720,E,68.0,A,1.1,1*64
$BGRDD,003,2012-07-01T01:55:05Z,329,33,7406,A,3732.7917,N,14056.1516,E,68.2,A,1.0,1*6b
$BGRDD,003,2012-07-01T01:55:10Z,331,27,7433,A,3732.8349,N,14056.1310,E,70.2,A,1.0,1*62
$BGRDD,003,2012-07-01T01:55:15Z,322,22,7455,A,3732.8775,N,14056.1108,E,72.2,A,1.0,1*62
$BGRDD,003,2012-07-01T01:55:20Z,325,25,7480,A,3732.9204,N,14056.0899,E,74.5,A,1.0,1*6f
$BGRDD,003,2012-07-01T01:55:25Z,325,24,7504,A,3732.9609,N,14056.0706,E,76.3,A,1.0,1*62
$BGRDD,003,2012-07-01T01:55:30Z,317,23,7527,A,3732.9987,N,14056.0520,E,80.0,A,1.0,1*64
$BGRDD,003,2012-07-01T01:55:35Z,316,29,7556,A,3733.0329,N,14056.0359,E,79.7,A,1.0,1*63
$BGRDD,003,2012-07-01T01:55:40Z,320,36,7592,A,3733.0642,N,14056.0169,E,79.4,A,1.0,1*68
$BGRDD,003,2012-07-01T01:55:45Z,331,36,7628,A,3733.0878,N,14055.9809,E,81.0,A,1.0,1*6e
$BGRDD,003,2012-07-01T01:55:50Z,331,26,7654,A,3733.1064,N,14055.9398,E,81.0,A,1.0,1*67
$BGRDD,003,2012-07-01T01:55:55Z,341,28,7682,A,3733.1285,N,14055.8991,E,82.7,A,1.0,1*6b
$BGRDD,003,2012-07-01T01:56:00Z,342,33,7715,A,3733.1524,N,14055.8614,E,88.1,A,1.0,1*6c
$BGRDD,003,2012-07-01T01:56:05Z,339,30,7745,A,3733.1760,N,14055.8232,E,94.9,A,1.0,1*64
$BGRDD,003,2012-07-01T01:56:10Z,346,34,7779,A,3733.1989,N,14055.7857,E,100.6,A,1.0,1*5f
$BGRDD,003,2012-07-01T01:56:15Z,355,31,7810,A,3733.2223,N,14055.7473,E,106.5,A,1.4,1*5e
$BGRDD,003,2012-07-01T01:56:20Z,358,28,7838,A,3733.2493,N,14055.7132,E,110.1,A,1.1,1*5c
$BGRDD,003,2012-07-01T01:56:25Z,372,38,7876,A,3733.2821,N,14055.6808,E,108.8,A,1.1,1*5e
$BGRDD,003,2012-07-01T01:56:30Z,375,26,7902,A,3733.3196,N,14055.6517,E,105.4,A,1.5,1*52
$BGRDD,003,2012-07-01T01:56:35Z,376,30,7932,A,3733.3570,N,14055.6189,E,99.7,A,1.5,1*68
$BGRDD,003,2012-07-01T01:56:40Z,372,32,7964,A,3733.3946,N,14055.5966,E,96.1,A,1.5,1*65
$BGRDD,003,2012-07-01T01:56:45Z,359,23,7987,A,3733.4375,N,14055.5922,E,93.4,A,1.5,1*69
$BGRDD,003,2012-07-01T01:56:50Z,351,18,8005,A,3733.4837,N,14055.5960,E,90.6,A,1.5,1*6b
$BGRDD,003,2012-07-01T01:56:55Z,349,26,8031,A,3733.5252,N,14055.6176,E,85.8,A,1.6,1*60
$BGRDD,003,2012-07-01T01:57:00Z,342,26,8057,A,3733.5662,N,14055.6469,E,79.0,A,1.5,1*6e
$BGRDD,003,2012-07-01T01:57:05Z,333,21,8078,A,3733.6082,N,14055.6755,E,76.9,A,1.5,1*66
$BGRDD,003,2012-07-01T01:57:10Z,329,30,8108,A,3733.6533,N,14055.6891,E,77.3,A,1.1,1*68
$BGRDD,003,2012-07-01T01:57:15Z,319,21,8129,A,3733.6973,N,14055.6935,E,80.5,A,1.1,1*64
$BGRDD,003,2012-07-01T01:57:19Z,311,20,8149,A,3733.7340,N,14055.6985,E,82.3,A,1.1,1*63
$BGRDD,003,2012-07-01T01:57:24Z,293,20,8169,A,3733.7827,N,14055.7049,E,81.0,A,1.1,1*66
$BGRDD,003,2012-07-01T01:57:29Z,289,22,8191,A,3733.8289,N,14055.7184,E,80.0,A,1.1,1*65
$BGRDD,003,2012-07-01T01:57:34Z,285,26,8217,A,3733.8728,N,14055.7393,E,80.7,A,1.1,1*61
$BGRDD,003,2012-07-01T01:57:39Z,270,17,8234,A,3733.9156,N,14055.7625,E,81.0,A,1.7,1*63
$BGRDD,003,2012-07-01T01:57:44Z,266,19,8253,A,3733.9579,N,14055.7894,E,75.1,A,1.7,1*66
$BGRDD,003,2012-07-01T01:57:49Z,269,21,8274,A,3733.9956,N,14055.8265,E,76.5,A,1.1,1*61
$BGRDD,003,2012-07-01T01:57:54Z,261,18,8292,A,3734.0307,N,14055.8600,E,72.9,A,1.2,1*6b
$BGRDD,003,2012-07-01T01:57:59Z,247,12,8304,A,3734.0642,N,14055.8925,E,72.3,A,1.1,1*63
$BGRDD,003,2012-07-01T01:58:04Z,246,20,8324,A,3734.0974,N,14055.9251,E,72.7,A,1.1,1*61
$BGRDD,003,2012-07-01T01:58:09Z,243,27,8351,A,3734.1307,N,14055.9570,E,72.8,A,1.1,1*68
$BGRDD,003,2012-07-01T01:58:14Z,254,32,8383,A,3734.1628,N,14055.9892,E,72.8,A,1.1,1*60
$BGRDD,003,2012-07-01T01:58:19Z,247,13,8396,A,3734.1961,N,14056.0195,E,70.3,A,1.2,1*64
$BGRDD,003,2012-07-01T01:58:24Z,239,12,8408,A,3734.2372,N,14056.0352,E,72.3,A,1.2,1*62
$BGRDD,003,2012-07-01T01:58:29Z,228,11,8419,A,3734.2787,N,14056.0358,E,78.1,A,1.7,1*65
$BGRDD,003,2012-07-01T01:58:34Z,226,24,8443,A,3734.3181,N,14056.0389,E,78.4,A,1.7,1*66
$BGRDD,003,2012-07-01T01:58:39Z,230,21,8464,A,3734.3585,N,14056.0510,E,72.7,A,3.3,1*65
$BGRDD,003,2012-07-01T01:58:44Z,234,23,8487,A,3734.4003,N,14056.0670,E,70.1,A,6.5,1*6a
$BGRDD,003,2012-07-01T01:58:49Z,229,16,8503,A,3734.4479,N,14056.0794,E,67.9,A,1.5,1*6b
$BGRDD,003,2012-07-01T01:58:54Z,228,17,8520,A,3734.4908,N,14056.0902,E,70.8,A,1.1,1*6f
$BGRDD,003,2012-07-01T01:58:59Z,235,19,8539,A,3734.5341,N,14056.0965,E,73.3,A,1.2,1*64
$BGRDD,003,2012-07-01T01:59:04Z,228,13,8552,A,3734.5740,N,14056.1030,E,74.6,A,1.0,1*6b
$BGRDD,003,2012-07-01T01:59:09Z,210,9,8561,A,3734.6161,N,14056.1120,E,78.4,A,1.0,1*5e
$BGRDD,003,2012-07-01T01:59:14Z,185,7,8568,A,3734.6581,N,14056.1162,E,78.0,A,1.0,1*52
$BGRDD,003,2012-07-01T01:59:19Z,185,13,8581,A,3734.7024,N,14056.1142,E,77.0,A,1.0,1*6b
$BGRDD,003,2012-07-01T01:59:24Z,195,22,8603,A,3734.7472,N,14056.1110,E,77.6,A,1.0,1*69
$BGRDD,003,2012-07-01T01:59:29Z,203,19,8622,A,3734.7916,N,14056.1067,E,76.4,A,1.0,1*6e
$BGRDD,003,2012-07-01T01:59:34Z,193,14,8636,A,3734.8390,N,14056.1030,E,69.7,A,1.1,1*65
$BGRDD,003,2012-07-01T01:59:39Z,187,15,8651,A,3734.8903,N,14056.0999,E,71.6,A,1.0,1*6f
$BGRDD,003,2012-07-01T01:59:44Z,182,18,8669,A,3734.9406,N,14056.0966,E,78.9,A,1.2,1*6b
$BGRDD,003,2012-07-01T01:59:49Z,181,15,8684,A,3734.9861,N,14056.0920,E,84.1,A,1.2,1*6f
$BGRDD,003,2012-07-01T01:59:54Z,180,16,8700,A,3735.0256,N,14056.0693,E,85.7,A,1.5,1*6d
$BGRDD,003,2012-07-01T01:59:59Z,182,21,8721,A,3735.0598,N,14056.0307,E,84.6,A,1.1,1*6c
$BGRDD,003,2012-07-01T02:00:04Z,185,16,8737,A,3735.0929,N,14055.9918,E,82.3,A,1.1,1*64
$BGRDD,003,2012-07-01T02:00:09Z,192,16,8753,A,3735.1292,N,14055.9522,E,77.5,A,1.5,1*6a
$BGRDD,003,2012-07-01T02:00:14Z,197,12,8765,A,3735.1697,N,14055.9201,E,74.0,A,1.7,1*61
$BGRDD,003,2012-07-01T02:00:19Z,197,13,8778,A,3735.2155,N,14055.9152,E,73.1,A,1.5,1*6a
$BGRDD,003,2012-07-01T02:00:24Z,186,11,8789,A,3735.2513,N,14055.9311,E,81.1,A,1.1,1*62
$BGRDD,003,2012-07-01T02:00:29Z,174,7,8796,A,3735.2747,N,14055.9507,E,85.4,A,1.1,1*58
$BGRDD,003,2012-07-01T02:00:34Z,176,16,8812,A,3735.3007,N,14055.9735,E,85.0,A,1.1,1*60
$BGRDD,003,2012-07-01T02:00:39Z,187,26,8838,A,3735.3199,N,14056.0101,E,85.6,A,1.1,1*63
$BGRDD,003,2012-07-01T02:00:44Z,190,21,8859,A,3735.3269,N,14056.0588,E,87.1,A,1.2,1*60
$BGRDD,003,2012-07-01T02:00:49Z,184,9,8868,A,3735.3197,N,14056.1091,E,88.9,A,2.1,1*59
$BGRDD,003,2012-07-01T02:00:53Z,180,12,8880,A,3735.3086,N,14056.1460,E,92.0,A,1.2,1*63
$BGRDD,003,2012-07-01T02:00:58Z,171,12,8892,A,3735.3054,N,14056.1853,E,92.2,A,1.2,1*64
$BGRDD,003,2012-07-01T02:01:03Z,166,11,8903,A,3735.3214,N,14056.2142,E,101.7,A,1.2,1*55
$BGRDD,003,2012-07-01T02:01:08Z,166,16,8919,A,3735.3569,N,14056.2041,E,105.7,A,3.1,1*58
$BGRDD,003,2012-07-01T02:01:13Z,170,16,8935,A,3735.3744,N,14056.1620,E,108.8,A,2.1,1*57
$BGRDD,003,2012-07-01T02:01:18Z,176,19,8954,A,3735.3859,N,14056.1142,E,112.2,A,2.9,1*5b
$BGRDD,003,2012-07-01T02:01:23Z,176,11,8965,A,3735.4113,N,14056.0776,E,113.3,A,2.0,1*50
$BGRDD,003,2012-07-01T02:01:28Z,184,15,8980,A,3735.4454,N,14056.0497,E,111.5,A,2.0,1*57
$BGRDD,003,2012-07-01T02:01:33Z,184,16,8996,A,3735.4825,N,14056.0234,E,115.7,A,1.2,1*5b
$BGRDD,003,2012-07-01T02:01:38Z,176,18,9014,A,3735.5202,N,14055.9971,E,120.1,A,1.0,1*5d
$BGRDD,003,2012-07-01T02:01:43Z,167,12,9026,A,3735.5562,N,14055.9705,E,123.5,A,1.0,1*51
$BGRDD,003,2012-07-01T02:01:48Z,171,13,9039,A,3735.5931,N,14055.9447,E,124.6,A,1.0,1*59
$BGRDD,003,2012-07-01T02:01:53Z,168,9,9048,A,3735.6314,N,14055.9187,E,126.5,A,1.0,1*60
$BGRDD,003,2012-07-01T02:01:58Z,170,14,9062,A,3735.6655,N,14055.8889,E,121.4,A,1.0,1*56
$BGRDD,003,2012-07-01T02:02:03Z,175,16,9078,A,3735.6838,N,14055.8429,E,121.6,A,1.2,1*54
$BGRDD,003,2012-07-01T02:02:08Z,168,9,9087,A,3735.6865,N,14055.7889,E,115.8,A,2.0,1*64
$BGRDD,003,2012-07-01T02:02:13Z,173,21,9108,A,3735.6692,N,14055.7406,E,105.2,A,1.2,1*5f
$BGRDD,003,2012-07-01T02:02:18Z,176,22,9130,A,3735.6533,N,14055.6868,E,100.4,A,1.6,1*53
$BGRDD,003,2012-07-01T02:02:23Z,175,10,9140,A,3735.6537,N,14055.6284,E,95.5,A,2.8,1*63
$BGRDD,003,2012-07-01T02:02:28Z,169,9,9149,A,3735.6584,N,14055.5665,E,89.9,A,1.4,1*5a
$BGRDD,003,2012-07-01T02:02:33Z,163,10,9159,A,3735.6655,N,14055.5030,E,89.0,A,1.0,1*67
$BGRDD,003,2012-07-01T02:02:38Z,163,18,9177,A,3735.6699,N,14055.4421,E,84.8,A,1.8,1*60
$BGRDD,003,2012-07-01T02:02:43Z,169,18,9195,A,3735.6759,N,14055.3875,E,79.3,A,1.5,1*69
$BGRDD,003,2012-07-01T02:02:48Z,166,10,9205,A,3735.6827,N,14055.3401,E,72.6,A,1.1,1*6c
$BGRDD,003,2012-07-01T02:02:53Z,172,15,9220,A,3735.6890,N,14055.2946,E,70.6,A,1.1,1*60
$BGRDD,003,2012-07-01T02:02:58Z,164,6,9226,A,3735.7098,N,14055.2556,E,67.1,A,1.1,1*55
$BGRDD,003,2012-07-01T02:03:03Z,154,6,9232,A,3735.7414,N,14055.2304,E,65.8,A,1.1,1*56
$BGRDD,003,2012-07-01T02:03:08Z,159,14,9246,A,3735.7794,N,14055.2081,E,68.1,A,1.1,1*61
$BGRDD,003,2012-07-01T02:03:13Z,153,15,9261,A,3735.8206,N,14055.1852,E,67.8,A,1.1,1*67
$BGRDD,003,2012-07-01T02:03:18Z,147,16,9277,A,3735.8642,N,14055.1799,E,64.8,A,1.5,1*66
$BGRDD,003,2012-07-01T02:03:23Z,148,11,9288,A,3735.9048,N,14055.2025,E,66.0,A,1.5,1*62
$BGRDD,003,2012-07-01T02:03:28Z,146,7,9295,A,3735.9278,N,14055.2447,E,74.0,A,1.5,1*5e
$BGRDD,003,2012-07-01T02:03:33Z,144,8,9303,A,3735.9427,N,14055.2880,E,78.6,A,1.5,1*56
$BGRDD,003,2012-07-01T02:03:38Z,142,16,9319,A,3735.9639,N,14055.3331,E,81.7,A,2.2,1*61
$BGRDD,003,2012-07-01T02:03:43Z,139,15,9334,A,3735.9923,N,14055.3674,E,85.0,A,2.2,1*6e
$BGRDD,003,2012-07-01T02:03:48Z,143,14,9348,A,3736.0260,N,14055.3797,E,88.1,A,2.2,1*64
$BGRDD,003,2012-07-01T02:03:53Z,139,11,9359,A,3736.0507,N,14055.3806,E,87.6,A,1.2,1*6c
$BGRDD,003,2012-07-01T02:03:58Z,140,7,9366,A,3736.0500,N,14055.3775,E,94.2,A,1.5,1*5f
$BGRDD,003,2012-07-01T02:04:03Z,142,8,9374,A,3736.0504,N,14055.3787,E,92.6,A,1.1,1*57
$BGRDD,003,2012-07-01T02:04:08Z,142,14,9388,A,3736.0501,N,14055.3779,E,95.6,A,1.1,1*61
$BGRDD,003,2012-07-01T02:04:12Z,145,18,9406,A,3736.0507,N,14055.3785,E,94.5,A,1.1,1*67
$BGRDD,003,2012-07-01T02:04:17Z,136,7,9413,A,3736.0509,N,14055.3785,E,94.5,A,1.0,1*53
$BGRDD,003,2012-07-01T02:04:22Z,133,8,9421,A,3736.0508,N,14055.3781,E,95.6,A,1.1,1*58
$BGRDD,003,2012-07-01T02:04:27Z,135,9,9430,A,3736.0510,N,14055.3780,E,95.4,A,1.0,1*51
$BGRDD,003,2012-07-01T02:04:32Z,139,12,9442,A,3736.0603,N,14055.3870,E,92.5,A,1.0,1*61
$BGRDD,003,2012-07-01T02:04:37Z,142,19,9461,A,3736.0656,N,14055.4218,E,89.6,A,1.0,1*68
$BGRDD,003,2012-07-01T02:04:42Z,136,9,9470,A,3736.0761,N,14055.4714,E,82.5,A,1.0,1*5c
$BGRDD,003,2012-07-01T02:04:47Z,131,9,9479,A,3736.1061,N,14055.5165,E,84.2,A,1.0,1*51
$BGRDD,003,2012-07-01T02:04:52Z,137,17,9496,A,3736.1410,N,14055.5613,E,81.3,A,1.0,1*6d
$BGRDD,003,2012-07-01T02:04:57Z,146,16,9512,A,3736.1770,N,14055.6053,E,82.5,A,1.0,1*63
$BGRDD,003,2012-07-01T02:05:02Z,149,11,9523,A,3736.2129,N,14055.6492,E,80.5,A,1.0,1*6a
$BGRDD,003,2012-07-01T02:05:07Z,145,10,9533,A,3736.2493,N,14055.6942,E,79.0,A,1.0,1*64
$BGRDD,003,2012-07-01T02:05:12Z,143,16,9549,A,3736.2864,N,14055.7409,E,77.8,A,1.0,1*6c
$BGRDD,003,2012-07-01T02:05:17Z,146,10,9559,A,3736.3230,N,14055.7855,E,80.0,A,1.0,1*64
$BGRDD,003,2012-07-01T02:05:22Z,151,13,9572,A,3736.3595,N,14055.8306,E,81.3,A,1.0,1*66
$BGRDD,003,2012-07-01T02:05:27Z,152,10,9582,A,3736.3963,N,14055.8765,E,79.9,A,1.0,1*65
$BGRDD,003,2012-07-01T02:05:32Z,154,14,9596,A,3736.4334,N,14055.9224,E,79.5,A,1.0,1*64
$BGRDD,003,2012-07-01T02:05:37Z,155,20,9616,A,3736.4702,N,14055.9677,E,79.5,A,1.0,1*6f
$BGRDD,003,2012-07-01T02:05:42Z,154,8,9624,A,3736.5076,N,14056.0137,E,78.4,A,1.0,1*5b
$BGRDD,003,2012-07-01T02:05:47Z,158,13,9637,A,3736.5457,N,14056.0614,E,75.4,A,1.0,1*66
$BGRDD,003,2012-07-01T02:05:52Z,159,18,9655,A,3736.5847,N,14056.1096,E,76.8,A,1.0,1*63
$BGRDD,003,2012-07-01T02:05:57Z,154,11,9666,A,3736.6241,N,14056.1584,E,76.6,A,1.0,1*65
$BGRDD,003,2012-07-01T02:06:02Z,151,8,9674,A,3736.6617,N,14056.2074,E,73.4,A,1.0,1*51
$BGRDD,003,2012-07-01T02:06:07Z,154,13,9687,A,3736.6999,N,14056.2546,E,70.5,A,1.0,1*68
$BGRDD,003,2012-07-01T02:06:12Z,151,13,9700,A,3736.7384,N,14056.3029,E,71.2,A,1.0,1*6b
$BGRDD,003,2012-07-01T02:06:17Z,145,4,9704,A,3736.7771,N,14056.3514,E,69.5,A,1.0,1*52
$BGRDD,003,2012-07-01T02:06:22Z,140,8,9712,A,3736.8134,N,14056.3981,E,67.7,A,1.0,1*5e
$BGRDD,003,2012-07-01T02:06:27Z,140,10,9722,A,3736.8490,N,14056.4444,E,65.4,A,1.0,1*68
$BGRDD,003,2012-07-01T02:06:32Z,144,18,9740,A,3736.8863,N,14056.4896,E,64.1,A,1.0,1*63
$BGRDD,003,2012-07-01T02:06:37Z,132,8,9748,A,3736.9220,N,14056.5351,E,62.8,A,1.0,1*5c
$BGRDD,003,2012-07-01T02:06:42Z,134,10,9758,A,3736.9580,N,14056.5795,E,63.0,A,1.0,1*68
$BGRDD,003,2012-07-01T02:06:47Z,130,9,9767,A,3736.9884,N,14056.6173,E,61.9,A,1.0,1*52
$BGRDD,003,2012-07-01T02:06:52Z,118,6,9773,A,3736.9998,N,14056.6320,E,61.0,A,1.0,1*57
$BGRDD,003,2012-07-01T02:06:57Z,116,9,9782,A,3737.0171,N,14056.6538,E,61.2,A,1.0,1*57
$BGRDD,003,2012-07-01T02:07:02Z,118,10,9792,A,3737.0429,N,14056.6886,E,61.6,A,1.0,1*65
$BGRDD,003,2012-07-01T02:07:07Z,114,9,9801,A,3737.0759,N,14056.7285,E,60.5,A,1.0,1*5f
$BGRDD,003,2012-07-01T02:07:11Z,109,8,9809,A,3737.1040,N,14056.7634,E,58.9,A,1.0,1*5a
$BGRDD,003,2012-07-01T02:07:16Z,112,7,9816,A,3737.1370,N,14056.8065,E,57.1,A,1.0,1*5c
$BGRDD,003,2012-07-01T02:07:21Z,111,7,9823,A,3737.1706,N,14056.8480,E,57.4,A,1.0,1*52
$BGRDD,003,2012-07-01T02:07:26Z,111,10,9833,A,3737.2048,N,14056.8908,E,60.0,A,1.0,1*61
$BGRDD,003,2012-07-01T02:07:31Z,102,9,9842,A,3737.2377,N,14056.9338,E,58.4,A,1.0,1*53
$BGRDD,003,2012-07-01T02:07:36Z,102,8,9850,A,3737.2677,N,14056.9704,E,56.8,A,1.0,1*5a
$BGRDD,003,2012-07-01T02:07:41Z,98,6,9856,A,3737.2847,N,14056.9914,E,56.2,A,1.0,1*68
$BGRDD,003,2012-07-01T02:07:46Z,94,5,9861,A,3737.2902,N,14056.9977,E,56.4,A,32.3,1*54
$BGRDD,003,2012-07-01T02:07:51Z,95,7,9868,A,3737.2903,N,14056.9978,E,56.4,A,32.3,1*56
$BGRDD,003,2012-07-01T02:07:56Z,90,4,9872,A,3737.2903,N,14056.9978,E,56.4,A,32.3,1*5c
